            --------------------------------------------------------
                             AMBER SQM VERSION 17
 
                                     By
              Ross C. Walker, Michael F. Crowley, Scott Brozell,
                         Tim Giese, Andreas W. Goetz,
                        Tai-Sung Lee and David A. Case
 
            --------------------------------------------------------
 

--------------------------------------------------------------------------------
  QM CALCULATION INFO
--------------------------------------------------------------------------------

| QMMM: Citation for AMBER QMMM Run:
| QMMM: R.C. Walker, M.F. Crowley and D.A. Case, J. COMP. CHEM. 29:1019, 2008

QMMM: SINGLET STATE CALCULATION
QMMM: RHF CALCULATION, NO. OF DOUBLY OCCUPIED LEVELS = 19

| QMMM: *** Selected Hamiltonian *** 
| QMMM: AM1         

| QMMM: *** Parameter sets in use ***
| QMMM: C : M.J.S.DEWAR et al. JACS, 107, 3902, (1985)
| QMMM: H : M.J.S.DEWAR et al. JACS, 107, 3902, (1985)

| QMMM: *** SCF convergence criteria ***
| QMMM: Energy change                :  0.1D-09 kcal/mol
| QMMM: Error matrix |FP-PF|         :  0.1D+00 au
| QMMM: Density matrix change        :  0.5D-06
| QMMM: Maximum number of SCF cycles :     1000

| QMMM: *** Diagonalization Routine Information ***
| QMMM: Pseudo diagonalizations are allowed.
| QMMM: Auto diagonalization routine selection is in use.
| QMMM:
| QMMM: Timing diagonalization routines:
| QMMM:                              norbs =       38
| QMMM:    diag iterations used for timing =       20
| QMMM:
| QMMM:              Internal diag routine = 0.006818 seconds
| QMMM:                 Dspev diag routine = 0.011399 seconds
| QMMM:                Dspevd diag routine = 0.010594 seconds
| QMMM:                Dspevx diag routine = 0.034208 seconds
| QMMM:                 Dsyev diag routine = 0.012439 seconds
| QMMM:                Dsyevd diag routine = 0.012283 seconds
| QMMM:                Dsyevr diag routine = 0.010800 seconds
| QMMM:
| QMMM:                Pseudo diag routine = 0.002476 seconds
| QMMM:
| QMMM: Using internal diagonalization routine (diag_routine=1).

  QMMM: QM Region Cartesian Coordinates (*=link atom) 
  QMMM: QM_NO.   MM_NO.  ATOM         X         Y         Z
  QMMM:     1        1      C       -5.6270    1.6790    0.0170
  QMMM:     2        2      H       -5.6270    2.3550    0.8780
  QMMM:     3        3      H       -6.5410    1.0790    0.0550
  QMMM:     4        4      H       -5.6550    2.2840   -0.8950
  QMMM:     5        5      C       -4.4040    0.7760    0.0340
  QMMM:     6        6      H       -4.4490    0.0940   -0.8230
  QMMM:     7        7      H       -4.4240    0.1600    0.9400
  QMMM:     8        8      C       -3.1080    1.5860   -0.0140
  QMMM:     9        9      H       -3.0680    2.2650    0.8470
  QMMM:    10       10      H       -3.0970    2.2090   -0.9170
  QMMM:    11       11      C       -1.8810    0.6740   -0.0060
  QMMM:    12       12      H       -1.9180   -0.0000   -0.8710
  QMMM:    13       13      H       -1.8950    0.0460    0.8930
  QMMM:    14       14      C       -0.5850    1.4840   -0.0440
  QMMM:    15       15      H       -0.5380    2.1520    0.8240
  QMMM:    16       16      H       -0.5670    2.1150   -0.9410
  QMMM:    17       17      C        0.6370    0.5810   -0.0450
  QMMM:    18       18      H        0.6640   -0.0440    0.8530
  QMMM:    19       19      H        1.5520    1.1810   -0.0690
  QMMM:    20       20      H        0.6390   -0.0760   -0.9210

--------------------------------------------------------------------------------
  RESULTS
--------------------------------------------------------------------------------

      iter         sqm energy              rms gradient
      ----    -------------------    -----------------------
xmin    10      -44.9325 kcal/mol        0.0072 kcal/(mol*A)
xmin    20      -44.9328 kcal/mol        0.0121 kcal/(mol*A)
xmin    30      -44.9328 kcal/mol        0.0040 kcal/(mol*A)
xmin    40      -44.9328 kcal/mol        0.0015 kcal/(mol*A)
  ... geometry converged !
 
 Final MO eigenvalues (eV):
 -37.2411  -34.1016  -29.5975  -24.8567  -21.6727  -21.5205  -16.6400  -15.1980
 -15.1453  -14.6251  -13.4855  -13.3905  -13.1535  -12.1060  -12.0444  -11.7526
 -11.3759  -11.3389  -11.0846    3.7353    3.7406    4.0085    4.2638    4.2649
   4.3829    4.5691    4.6650    4.7365    4.7725    4.9401    4.9690    5.0800
   5.1032    5.1882    5.2161    5.2954    5.3375    5.3893

 Heat of formation   =        -44.93282180 kcal/mol  (       -1.94843336 eV)

 Total SCF energy    =     -22195.88101707 kcal/mol  (     -962.48562582 eV)
 Electronic energy   =    -100383.51890193 kcal/mol  (    -4352.95602541 eV)
 Core-core repulsion =      78187.63788487 kcal/mol  (     3390.47039959 eV)
 
    Atomic Charges for Step       1 :
  Atom    Element       Mulliken Charge
     1      C                 -0.210
     2      H                  0.072
     3      H                  0.072
     4      H                  0.072
     5      C                 -0.159
     6      H                  0.078
     7      H                  0.078
     8      C                 -0.158
     9      H                  0.078
    10      H                  0.078
    11      C                 -0.158
    12      H                  0.078
    13      H                  0.078
    14      C                 -0.159
    15      H                  0.078
    16      H                  0.078
    17      C                 -0.210
    18      H                  0.072
    19      H                  0.072
    20      H                  0.072
 Total Mulliken Charge =      -0.000
 
                  X        Y        Z     TOTAL  
  QM DIPOLE    -0.000   -0.000   -0.000    0.000
 
 Final Structure

  QMMM: QM Region Cartesian Coordinates (*=link atom) 
  QMMM: QM_NO.   MM_NO.  ATOM         X         Y         Z
  QMMM:     1        1      C       -5.5976    1.6742    0.0204
  QMMM:     2        2      H       -5.5909    2.3559    0.9052
  QMMM:     3        3      H       -6.5317    1.0633    0.0530
  QMMM:     4        4      H       -5.6183    2.3014   -0.9036
  QMMM:     5        5      C       -4.3853    0.7794    0.0290
  QMMM:     6        6      H       -4.4223    0.0861   -0.8526
  QMMM:     7        7      H       -4.3951    0.1402    0.9513
  QMMM:     8        8      C       -3.1020    1.5814   -0.0144
  QMMM:     9        9      H       -3.0623    2.2739    0.8674
  QMMM:    10       10      H       -3.0898    2.2202   -0.9366
  QMMM:    11       11      C       -1.8872    0.6787   -0.0060
  QMMM:    12       12      H       -1.9268   -0.0137   -0.8879
  QMMM:    13       13      H       -1.8995    0.0397    0.9162
  QMMM:    14       14      C       -0.6039    1.4807   -0.0491
  QMMM:    15       15      H       -0.5666    2.1734    0.8329
  QMMM:    16       16      H       -0.5942    2.1204   -0.9710
  QMMM:    17       17      C        0.6083    0.5857   -0.0413
  QMMM:    18       18      H        0.6291   -0.0422    0.8822
  QMMM:    19       19      H        1.5425    1.1967   -0.0735
  QMMM:    20       20      H        0.6016   -0.0952   -0.9266

           --------- Calculation Completed ----------

