            --------------------------------------------------------
                             AMBER SQM VERSION 17
 
                                     By
              Ross C. Walker, Michael F. Crowley, Scott Brozell,
                         Tim Giese, Andreas W. Goetz,
                        Tai-Sung Lee and David A. Case
 
            --------------------------------------------------------
 

--------------------------------------------------------------------------------
  QM CALCULATION INFO
--------------------------------------------------------------------------------

| QMMM: Citation for AMBER QMMM Run:
| QMMM: R.C. Walker, M.F. Crowley and D.A. Case, J. COMP. CHEM. 29:1019, 2008

QMMM: SINGLET STATE CALCULATION
QMMM: RHF CALCULATION, NO. OF DOUBLY OCCUPIED LEVELS = 46

| QMMM: *** Selected Hamiltonian *** 
| QMMM: AM1         

| QMMM: *** Parameter sets in use ***
| QMMM: C : M.J.S.DEWAR et al. JACS, 107, 3902, (1985)
| QMMM: H : M.J.S.DEWAR et al. JACS, 107, 3902, (1985)

| QMMM: *** SCF convergence criteria ***
| QMMM: Energy change                :  0.1D-09 kcal/mol
| QMMM: Error matrix |FP-PF|         :  0.1D+00 au
| QMMM: Density matrix change        :  0.5D-06
| QMMM: Maximum number of SCF cycles :     1000

| QMMM: *** Diagonalization Routine Information ***
| QMMM: Pseudo diagonalizations are allowed.
| QMMM: Auto diagonalization routine selection is in use.
| QMMM:
| QMMM: Timing diagonalization routines:
| QMMM:                              norbs =       92
| QMMM:    diag iterations used for timing =       15
| QMMM:
| QMMM:              Internal diag routine = 0.042886 seconds
| QMMM:                 Dspev diag routine = 0.065807 seconds
| QMMM:                Dspevd diag routine = 0.051274 seconds
| QMMM:                Dspevx diag routine = 0.179804 seconds
| QMMM:                 Dsyev diag routine = 0.069737 seconds
| QMMM:                Dsyevd diag routine = 0.056911 seconds
| QMMM:                Dsyevr diag routine = 0.049812 seconds
| QMMM:
| QMMM:                Pseudo diag routine = 0.020413 seconds
| QMMM:
| QMMM: Using internal diagonalization routine (diag_routine=1).

  QMMM: QM Region Cartesian Coordinates (*=link atom) 
  QMMM: QM_NO.   MM_NO.  ATOM         X         Y         Z
  QMMM:     1        1      C       -5.7050    1.6070   -0.0170
  QMMM:     2        2      H       -5.7400    2.2760    0.8490
  QMMM:     3        3      H       -6.5970    0.9720    0.0090
  QMMM:     4        4      H       -5.7470    2.2160   -0.9250
  QMMM:     5        5      C       -4.4490    0.7500    0.0070
  QMMM:     6        6      H       -4.4610    0.0700   -0.8520
  QMMM:     7        7      H       -4.4530    0.1310    0.9120
  QMMM:     8        8      C       -3.1850    1.6090   -0.0280
  QMMM:     9        9      H       -3.1830    2.2940    0.8280
  QMMM:    10       10      H       -3.1860    2.2260   -0.9350
  QMMM:    11       11      C       -1.9230    0.7450    0.0030
  QMMM:    12       12      H       -1.9250    0.0600   -0.8540
  QMMM:    13       13      H       -1.9230    0.1290    0.9100
  QMMM:    14       14      C       -0.6600    1.6070   -0.0320
  QMMM:    15       15      H       -0.6640    2.2980    0.8200
  QMMM:    16       16      H       -0.6570    2.2170   -0.9430
  QMMM:    17       17      C        0.6050    0.7470    0.0130
  QMMM:    18       18      H        0.6120    0.0570   -0.8390
  QMMM:    19       19      H        0.6010    0.1370    0.9240
  QMMM:    20       20      C        1.8630    1.6150   -0.0180
  QMMM:    21       21      H        1.8460    2.3140    0.8280
  QMMM:    22       22      H        1.8710    2.2180   -0.9340
  QMMM:    23       23      C        3.1340    0.7670    0.0480
  QMMM:    24       24      H        3.1580    0.0720   -0.8000
  QMMM:    25       25      H        3.1260    0.1620    0.9630
  QMMM:    26       26      C        4.3830    1.6480    0.0260
  QMMM:    27       27      H        4.3460    2.3550    0.8640
  QMMM:    28       28      H        4.3980    2.2420   -0.8960
  QMMM:    29       29      C        5.6640    0.8170    0.1190
  QMMM:    30       30      H        5.7130    0.1170   -0.7250
  QMMM:    31       31      H        5.6470    0.2170    1.0370
  QMMM:    32       32      C        6.9010    1.7160    0.1140
  QMMM:    33       33      H        6.8360    2.4310    0.9440
  QMMM:    34       34      H        6.9260    2.3000   -0.8130
  QMMM:    35       35      C        8.1910    0.9040    0.2430
  QMMM:    36       36      H        8.2690    0.1990   -0.5940
  QMMM:    37       37      H        8.1610    0.3110    1.1650
  QMMM:    38       38      C        9.4160    1.8200    0.2610
  QMMM:    39       39      H        9.3250    2.5370    1.0860
  QMMM:    40       40      H        9.4540    2.4000   -0.6690
  QMMM:    41       41      C       10.7100    1.0220    0.4200
  QMMM:    42       42      H       10.8160    0.3140   -0.4100
  QMMM:    43       43      H       10.6750    0.4360    1.3450
  QMMM:    44       44      C       11.9240    1.9370    0.4560
  QMMM:    45       45      H       12.0070    2.5160   -0.4700
  QMMM:    46       46      H       12.8400    1.3490    0.5720
  QMMM:    47       47      H       11.8620    2.6380    1.2940

--------------------------------------------------------------------------------
  RESULTS
--------------------------------------------------------------------------------

      iter         sqm energy              rms gradient
      ----    -------------------    -----------------------
xmin    10     -106.7084 kcal/mol        0.0377 kcal/(mol*A)
xmin    20     -106.7148 kcal/mol        0.0447 kcal/(mol*A)
xmin    30     -106.7163 kcal/mol        0.0059 kcal/(mol*A)
xmin    40     -106.7165 kcal/mol        0.0036 kcal/(mol*A)
xmin    50     -106.7166 kcal/mol        0.0034 kcal/(mol*A)
xmin    60     -106.7166 kcal/mol        0.0017 kcal/(mol*A)
  ... geometry converged !
 
 Final MO eigenvalues (eV):
 -38.1457  -37.4669  -36.3715  -34.9030  -33.1213  -31.1021  -28.9359  -26.7311
 -24.6243  -22.8143  -21.8734  -21.5836  -21.5743  -21.1415  -21.0393  -17.0980
 -16.7498  -16.2111  -15.5306  -15.2326  -15.1618  -14.7687  -14.6672  -14.6550
 -13.9881  -13.9764  -13.6989  -13.2589  -13.2466  -12.8545  -12.5906  -12.4498
 -12.3327  -12.0516  -11.9734  -11.8332  -11.6781  -11.6423  -11.6404  -11.5111
 -11.3597  -11.1872  -11.0995  -11.0676  -11.0650  -10.9903    3.4970    3.6532
   3.7142    3.7267    3.8081    3.9305    4.0063    4.0744    4.1900    4.2325
   4.2594    4.2601    4.3840    4.3982    4.4457    4.5524    4.5655    4.6145
   4.6157    4.6852    4.7197    4.7287    4.7618    4.8107    4.8711    4.8843
   4.8973    4.9544    5.0285    5.0477    5.0508    5.0885    5.1477    5.1571
   5.2004    5.2321    5.2337    5.2652    5.2891    5.3032    5.3042    5.3471
   5.3514    5.3914    5.3965    5.4157

 Heat of formation   =       -106.71665165 kcal/mol  (       -4.62758127 eV)

 Total SCF energy    =     -54539.34213066 kcal/mol  (    -2365.00334464 eV)
 Electronic energy   =    -355149.69898833 kcal/mol  (   -15400.44659765 eV)
 Core-core repulsion =     300610.35685766 kcal/mol  (    13035.44325301 eV)
 
    Atomic Charges for Step       1 :
  Atom    Element       Mulliken Charge
     1      C                 -0.210
     2      H                  0.072
     3      H                  0.072
     4      H                  0.072
     5      C                 -0.159
     6      H                  0.078
     7      H                  0.078
     8      C                 -0.158
     9      H                  0.079
    10      H                  0.079
    11      C                 -0.158
    12      H                  0.079
    13      H                  0.079
    14      C                 -0.158
    15      H                  0.079
    16      H                  0.079
    17      C                 -0.158
    18      H                  0.079
    19      H                  0.079
    20      C                 -0.158
    21      H                  0.079
    22      H                  0.079
    23      C                 -0.158
    24      H                  0.079
    25      H                  0.079
    26      C                 -0.158
    27      H                  0.079
    28      H                  0.079
    29      C                 -0.158
    30      H                  0.079
    31      H                  0.079
    32      C                 -0.158
    33      H                  0.079
    34      H                  0.079
    35      C                 -0.158
    36      H                  0.079
    37      H                  0.079
    38      C                 -0.158
    39      H                  0.079
    40      H                  0.079
    41      C                 -0.159
    42      H                  0.078
    43      H                  0.078
    44      C                 -0.210
    45      H                  0.072
    46      H                  0.072
    47      H                  0.072
 Total Mulliken Charge =      -0.000
 
                  X        Y        Z     TOTAL  
  QM DIPOLE    -0.000    0.007   -0.000    0.007
 
 Final Structure

  QMMM: QM Region Cartesian Coordinates (*=link atom) 
  QMMM: QM_NO.   MM_NO.  ATOM         X         Y         Z
  QMMM:     1        1      C       -5.6235    1.5287   -0.1347
  QMMM:     2        2      H       -5.6908    2.2338    0.7289
  QMMM:     3        3      H       -6.5219    0.8656   -0.1193
  QMMM:     4        4      H       -5.6433    2.1277   -1.0771
  QMMM:     5        5      C       -4.3636    0.7062   -0.0532
  QMMM:     6        6      H       -4.3261   -0.0122   -0.9144
  QMMM:     7        7      H       -4.3735    0.0935    0.8868
  QMMM:     8        8      C       -3.1273    1.5799   -0.0720
  QMMM:     9        9      H       -3.1623    2.2982    0.7892
  QMMM:    10       10      H       -3.1147    2.1921   -1.0121
  QMMM:    11       11      C       -1.8644    0.7498    0.0103
  QMMM:    12       12      H       -1.8297    0.0314   -0.8508
  QMMM:    13       13      H       -1.8773    0.1377    0.9505
  QMMM:    14       14      C       -0.6293    1.6245   -0.0086
  QMMM:    15       15      H       -0.6641    2.3431    0.8523
  QMMM:    16       16      H       -0.6161    2.2363   -0.9490
  QMMM:    17       17      C        0.6336    0.7942    0.0743
  QMMM:    18       18      H        0.6685    0.0757   -0.7866
  QMMM:    19       19      H        0.6203    0.1824    1.0147
  QMMM:    20       20      C        1.8687    1.6690    0.0556
  QMMM:    21       21      H        1.8335    2.3879    0.9162
  QMMM:    22       22      H        1.8823    2.2804   -0.8851
  QMMM:    23       23      C        3.1316    0.8387    0.1393
  QMMM:    24       24      H        3.1668    0.1199   -0.7214
  QMMM:    25       25      H        3.1180    0.2273    1.0799
  QMMM:    26       26      C        4.3667    1.7135    0.1206
  QMMM:    27       27      H        4.3312    2.4327    0.9810
  QMMM:    28       28      H        4.3805    2.3247   -0.8202
  QMMM:    29       29      C        5.6295    0.8833    0.2049
  QMMM:    30       30      H        5.6650    0.1642   -0.6556
  QMMM:    31       31      H        5.6156    0.2721    1.1456
  QMMM:    32       32      C        6.8646    1.7581    0.1864
  QMMM:    33       33      H        6.8289    2.4775    1.0466
  QMMM:    34       34      H        6.8788    2.3689   -0.7546
  QMMM:    35       35      C        8.1274    0.9279    0.2715
  QMMM:    36       36      H        8.1632    0.2085   -0.5888
  QMMM:    37       37      H        8.1131    0.3170    1.2124
  QMMM:    38       38      C        9.3626    1.8025    0.2532
  QMMM:    39       39      H        9.3271    2.5219    1.1133
  QMMM:    40       40      H        9.3773    2.4134   -0.6878
  QMMM:    41       41      C       10.6265    0.9733    0.3383
  QMMM:    42       42      H       10.6594    0.2534   -0.5219
  QMMM:    43       43      H       10.6092    0.3618    1.2791
  QMMM:    44       44      C       11.8589    1.8400    0.3205
  QMMM:    45       45      H       11.9066    2.4386   -0.6212
  QMMM:    46       46      H       12.7783    1.2093    0.3844
  QMMM:    47       47      H       11.8560    2.5476    1.1846

           --------- Calculation Completed ----------

