            --------------------------------------------------------
                             AMBER SQM VERSION 17
 
                                     By
              Ross C. Walker, Michael F. Crowley, Scott Brozell,
                         Tim Giese, Andreas W. Goetz,
                        Tai-Sung Lee and David A. Case
 
            --------------------------------------------------------
 

--------------------------------------------------------------------------------
  QM CALCULATION INFO
--------------------------------------------------------------------------------

| QMMM: Citation for AMBER QMMM Run:
| QMMM: R.C. Walker, M.F. Crowley and D.A. Case, J. COMP. CHEM. 29:1019, 2008

QMMM: SINGLET STATE CALCULATION
QMMM: RHF CALCULATION, NO. OF DOUBLY OCCUPIED LEVELS = 16

| QMMM: *** Selected Hamiltonian *** 
| QMMM: AM1         

| QMMM: *** Parameter sets in use ***
| QMMM: C : M.J.S.DEWAR et al. JACS, 107, 3902, (1985)
| QMMM: H : M.J.S.DEWAR et al. JACS, 107, 3902, (1985)
| QMMM: O : M.J.S.DEWAR et al. JACS, 107, 3902, (1985)

| QMMM: *** SCF convergence criteria ***
| QMMM: Energy change                :  0.1D-09 kcal/mol
| QMMM: Error matrix |FP-PF|         :  0.1D+00 au
| QMMM: Density matrix change        :  0.5D-06
| QMMM: Maximum number of SCF cycles :     1000

| QMMM: *** Diagonalization Routine Information ***
| QMMM: Pseudo diagonalizations are allowed.
| QMMM: Auto diagonalization routine selection is in use.
| QMMM:
| QMMM: Timing diagonalization routines:
| QMMM:                              norbs =       30
| QMMM:    diag iterations used for timing =       20
| QMMM:
| QMMM:              Internal diag routine = 0.004114 seconds
| QMMM:                 Dspev diag routine = 0.007015 seconds
| QMMM:                Dspevd diag routine = 0.006882 seconds
| QMMM:                Dspevx diag routine = 0.021032 seconds
| QMMM:                 Dsyev diag routine = 0.007010 seconds
| QMMM:                Dsyevd diag routine = 0.006942 seconds
| QMMM:                Dsyevr diag routine = 0.005951 seconds
| QMMM:
| QMMM:                Pseudo diag routine = 0.001350 seconds
| QMMM:
| QMMM: Using internal diagonalization routine (diag_routine=1).

  QMMM: QM Region Cartesian Coordinates (*=link atom) 
  QMMM: QM_NO.   MM_NO.  ATOM         X         Y         Z
  QMMM:     1        1      C      -11.3110   -3.3180   -0.7290
  QMMM:     2        2      H      -11.6900   -4.2620   -0.3260
  QMMM:     3        3      H      -10.3830   -3.5280   -1.2700
  QMMM:     4        4      H      -12.0460   -2.9330   -1.4430
  QMMM:     5        5      C      -11.0720   -2.3230    0.3960
  QMMM:     6        6      H      -10.3580   -2.7520    1.1090
  QMMM:     7        7      H      -12.0110   -2.1590    0.9370
  QMMM:     8        8      C      -10.5400   -0.9950   -0.1350
  QMMM:     9        9      H       -9.6040   -1.1550   -0.6850
  QMMM:    10       10      H      -11.2440   -0.5660   -0.8590
  QMMM:    11       11      C      -10.3020    0.0040    0.9900
  QMMM:    12       12      H      -11.2320    0.2130    1.5290
  QMMM:    13       13      H       -9.5660   -0.3710    1.7080
  QMMM:    14       14      O       -9.8240    1.2300    0.4520
  QMMM:    15       15      H       -8.9900    1.0410   -0.0110

--------------------------------------------------------------------------------
  RESULTS
--------------------------------------------------------------------------------

      iter         sqm energy              rms gradient
      ----    -------------------    -----------------------
xmin    10      -78.0489 kcal/mol        0.1549 kcal/(mol*A)
xmin    20      -78.0507 kcal/mol        0.0096 kcal/(mol*A)
xmin    30      -78.0510 kcal/mol        0.0046 kcal/(mol*A)
xmin    40      -78.0510 kcal/mol        0.0037 kcal/(mol*A)
  ... geometry converged !
 
 Final MO eigenvalues (eV):
 -38.5194  -35.3850  -29.6566  -24.1785  -21.9593  -18.1056  -16.3616  -15.6554
 -15.1804  -13.8680  -13.5694  -12.9574  -12.0840  -11.8821  -11.4450  -10.9552
   3.5490    3.5583    3.8614    4.0674    4.1011    4.3127    4.5039    4.6043
   4.7495    4.8799    4.9388    5.0208    5.1133    6.3176

 Heat of formation   =        -78.05098831 kcal/mol  (       -3.38454483 eV)

 Total SCF energy    =     -22404.42315124 kcal/mol  (     -971.52869135 eV)
 Electronic energy   =     -81487.54234741 kcal/mol  (    -3533.56499490 eV)
 Core-core repulsion =      59083.11919617 kcal/mol  (     2562.03630355 eV)
 
    Atomic Charges for Step       1 :
  Atom    Element       Mulliken Charge
     1      C                 -0.211
     2      H                  0.074
     3      H                  0.072
     4      H                  0.074
     5      C                 -0.155
     6      H                  0.078
     7      H                  0.081
     8      C                 -0.199
     9      H                  0.078
    10      H                  0.095
    11      C                 -0.024
    12      H                  0.105
    13      H                  0.062
    14      O                 -0.326
    15      H                  0.195
 Total Mulliken Charge =      -0.000
 
                  X        Y        Z     TOTAL  
  QM DIPOLE     0.491   -1.605   -0.287    1.703
 
 Final Structure

  QMMM: QM Region Cartesian Coordinates (*=link atom) 
  QMMM: QM_NO.   MM_NO.  ATOM         X         Y         Z
  QMMM:     1        1      C      -11.3084   -3.3082   -0.7193
  QMMM:     2        2      H      -11.7150   -4.2616   -0.3038
  QMMM:     3        3      H      -10.3553   -3.5352   -1.2555
  QMMM:     4        4      H      -12.0400   -2.9061   -1.4613
  QMMM:     5        5      C      -11.0728   -2.3137    0.3880
  QMMM:     6        6      H      -10.3538   -2.7442    1.1346
  QMMM:     7        7      H      -12.0357   -2.1193    0.9309
  QMMM:     8        8      C      -10.5248   -1.0093   -0.1460
  QMMM:     9        9      H       -9.5639   -1.1961   -0.6937
  QMMM:    10       10      H      -11.2437   -0.5636   -0.8824
  QMMM:    11       11      C      -10.2829   -0.0188    0.9794
  QMMM:    12       12      H      -11.2363    0.2060    1.5294
  QMMM:    13       13      H       -9.5278   -0.4273    1.7041
  QMMM:    14       14      O       -9.8531    1.2381    0.4923
  QMMM:    15       15      H       -9.0594    1.0854   -0.0338

           --------- Calculation Completed ----------

