            --------------------------------------------------------
                             AMBER SQM VERSION 17
 
                                     By
              Ross C. Walker, Michael F. Crowley, Scott Brozell,
                         Tim Giese, Andreas W. Goetz,
                        Tai-Sung Lee and David A. Case
 
            --------------------------------------------------------
 

--------------------------------------------------------------------------------
  QM CALCULATION INFO
--------------------------------------------------------------------------------

| QMMM: Citation for AMBER QMMM Run:
| QMMM: R.C. Walker, M.F. Crowley and D.A. Case, J. COMP. CHEM. 29:1019, 2008

QMMM: SINGLET STATE CALCULATION
QMMM: RHF CALCULATION, NO. OF DOUBLY OCCUPIED LEVELS =  7

| QMMM: *** Selected Hamiltonian *** 
| QMMM: AM1         

| QMMM: *** Parameter sets in use ***
| QMMM: C : M.J.S.DEWAR et al. JACS, 107, 3902, (1985)
| QMMM: H : M.J.S.DEWAR et al. JACS, 107, 3902, (1985)
| QMMM: O : M.J.S.DEWAR et al. JACS, 107, 3902, (1985)

| QMMM: *** SCF convergence criteria ***
| QMMM: Energy change                :  0.1D-09 kcal/mol
| QMMM: Error matrix |FP-PF|         :  0.1D+00 au
| QMMM: Density matrix change        :  0.5D-06
| QMMM: Maximum number of SCF cycles :     1000

| QMMM: *** Diagonalization Routine Information ***
| QMMM: Pseudo diagonalizations are allowed.
| QMMM: Auto diagonalization routine selection is in use.
| QMMM:
| QMMM: Timing diagonalization routines:
| QMMM:                              norbs =       12
| QMMM:    diag iterations used for timing =       20
| QMMM:
| QMMM:              Internal diag routine = 0.000670 seconds
| QMMM:                 Dspev diag routine = 0.001789 seconds
| QMMM:                Dspevd diag routine = 0.001099 seconds
| QMMM:                Dspevx diag routine = 0.003422 seconds
| QMMM:                 Dsyev diag routine = 0.001111 seconds
| QMMM:                Dsyevd diag routine = 0.001124 seconds
| QMMM:                Dsyevr diag routine = 0.001250 seconds
| QMMM:
| QMMM:                Pseudo diag routine = 0.000142 seconds
| QMMM:
| QMMM: Using internal diagonalization routine (diag_routine=1).

  QMMM: QM Region Cartesian Coordinates (*=link atom) 
  QMMM: QM_NO.   MM_NO.  ATOM         X         Y         Z
  QMMM:     1        1      C      -11.0480   -3.1740   -0.6460
  QMMM:     2        2      H      -11.6080   -3.9040   -0.0560
  QMMM:     3        3      H      -10.1900   -3.6650   -1.1110
  QMMM:     4        4      H      -11.6880   -2.7510   -1.4250
  QMMM:     5        5      O      -10.5840   -2.1380    0.1990
  QMMM:     6        6      H      -11.3670   -1.7210    0.5970

--------------------------------------------------------------------------------
  RESULTS
--------------------------------------------------------------------------------

      iter         sqm energy              rms gradient
      ----    -------------------    -----------------------
xmin    10      -57.0667 kcal/mol        0.0034 kcal/(mol*A)
  ... geometry converged !
 
 Final MO eigenvalues (eV):
 -37.8408  -26.9821  -18.2797  -15.4479  -15.2888  -12.4947  -11.1351    3.7779
   4.0893    4.2299    4.5222    6.2444

 Heat of formation   =        -57.06667745 kcal/mol  (       -2.47459683 eV)

 Total SCF energy    =     -11622.87974579 kcal/mol  (     -504.00588638 eV)
 Electronic energy   =     -24674.97090285 kcal/mol  (    -1069.98703017 eV)
 Core-core repulsion =      13052.09115706 kcal/mol  (      565.98114380 eV)
 
    Atomic Charges for Step       1 :
  Atom    Element       Mulliken Charge
     1      C                 -0.073
     2      H                  0.053
     3      H                  0.098
     4      H                  0.053
     5      O                 -0.326
     6      H                  0.195
 Total Mulliken Charge =      -0.000
 
                  X        Y        Z     TOTAL  
  QM DIPOLE    -1.514   -0.485   -0.317    1.621
 
 Final Structure

  QMMM: QM Region Cartesian Coordinates (*=link atom) 
  QMMM: QM_NO.   MM_NO.  ATOM         X         Y         Z
  QMMM:     1        1      C      -11.0638   -3.1700   -0.6421
  QMMM:     2        2      H      -11.6331   -3.9302   -0.0510
  QMMM:     3        3      H      -10.1522   -3.6382   -1.0915
  QMMM:     4        4      H      -11.7175   -2.7530   -1.4484
  QMMM:     5        5      O      -10.5766   -2.1434    0.1934
  QMMM:     6        6      H      -11.3418   -1.7183    0.5976

           --------- Calculation Completed ----------

