            --------------------------------------------------------
                             AMBER SQM VERSION 17
 
                                     By
              Ross C. Walker, Michael F. Crowley, Scott Brozell,
                         Tim Giese, Andreas W. Goetz,
                        Tai-Sung Lee and David A. Case
 
            --------------------------------------------------------
 

--------------------------------------------------------------------------------
  QM CALCULATION INFO
--------------------------------------------------------------------------------

| QMMM: Citation for AMBER QMMM Run:
| QMMM: R.C. Walker, M.F. Crowley and D.A. Case, J. COMP. CHEM. 29:1019, 2008

QMMM: SINGLET STATE CALCULATION
QMMM: RHF CALCULATION, NO. OF DOUBLY OCCUPIED LEVELS = 13

| QMMM: *** Selected Hamiltonian *** 
| QMMM: AM1         

| QMMM: *** Parameter sets in use ***
| QMMM: C : M.J.S.DEWAR et al. JACS, 107, 3902, (1985)
| QMMM: H : M.J.S.DEWAR et al. JACS, 107, 3902, (1985)

| QMMM: *** SCF convergence criteria ***
| QMMM: Energy change                :  0.1D-09 kcal/mol
| QMMM: Error matrix |FP-PF|         :  0.1D+00 au
| QMMM: Density matrix change        :  0.5D-06
| QMMM: Maximum number of SCF cycles :     1000

| QMMM: *** Diagonalization Routine Information ***
| QMMM: Pseudo diagonalizations are allowed.
| QMMM: Auto diagonalization routine selection is in use.
| QMMM:
| QMMM: Timing diagonalization routines:
| QMMM:                              norbs =       26
| QMMM:    diag iterations used for timing =       20
| QMMM:
| QMMM:              Internal diag routine = 0.002998 seconds
| QMMM:                 Dspev diag routine = 0.005105 seconds
| QMMM:                Dspevd diag routine = 0.005116 seconds
| QMMM:                Dspevx diag routine = 0.015694 seconds
| QMMM:                 Dsyev diag routine = 0.005135 seconds
| QMMM:                Dsyevd diag routine = 0.005126 seconds
| QMMM:                Dsyevr diag routine = 0.004668 seconds
| QMMM:
| QMMM:                Pseudo diag routine = 0.000972 seconds
| QMMM:
| QMMM: Using internal diagonalization routine (diag_routine=1).

  QMMM: QM Region Cartesian Coordinates (*=link atom) 
  QMMM: QM_NO.   MM_NO.  ATOM         X         Y         Z
  QMMM:     1        1      C       -5.6450    1.6160    0.0140
  QMMM:     2        2      H       -5.6550    2.3560    0.8210
  QMMM:     3        3      H       -6.5280    0.9790    0.1250
  QMMM:     4        4      H       -5.7270    2.1460   -0.9400
  QMMM:     5        5      C       -4.3800    0.7740    0.0590
  QMMM:     6        6      H       -4.3960    0.0560   -0.7690
  QMMM:     7        7      H       -4.3660    0.1960    0.9900
  QMMM:     8        8      C       -3.1250    1.6420   -0.0260
  QMMM:     9        9      H       -3.1000    2.3320    0.8260
  QMMM:    10       10      H       -3.1600    2.2550   -0.9350
  QMMM:    11       11      C       -1.8570    0.7890   -0.0350
  QMMM:    12       12      H       -1.8850    0.1170   -0.8670
  QMMM:    13       13      H       -1.7980    0.2280    0.8740
  QMMM:    14       14      H       -1.0000    1.4250   -0.1180

--------------------------------------------------------------------------------
  RESULTS
--------------------------------------------------------------------------------

      iter         sqm energy              rms gradient
      ----    -------------------    -----------------------
xmin    10      -31.2030 kcal/mol        0.0576 kcal/(mol*A)
xmin    20      -31.2041 kcal/mol        0.0156 kcal/(mol*A)
  ... geometry converged !
 
 Final MO eigenvalues (eV):
 -36.2653  -30.7745  -24.3597  -21.5147  -16.1762  -14.7263  -14.5761  -13.9113
 -12.7086  -12.0845  -11.9839  -11.5211  -11.1718    3.8287    3.8931    4.3051
   4.3494    4.5164    4.7599    4.8577    4.8816    5.0958    5.1364    5.1946
   5.2658    5.3517

 Heat of formation   =        -31.20407352 kcal/mol  (       -1.35311017 eV)

 Total SCF energy    =     -15008.44620573 kcal/mol  (     -650.81506464 eV)
 Electronic energy   =     -56613.21849587 kcal/mol  (    -2454.93337218 eV)
 Core-core repulsion =      41604.77229015 kcal/mol  (     1804.11830754 eV)
 
    Atomic Charges for Step       1 :
  Atom    Element       Mulliken Charge
     1      C                 -0.210
     2      H                  0.072
     3      H                  0.071
     4      H                  0.072
     5      C                 -0.159
     6      H                  0.078
     7      H                  0.078
     8      C                 -0.159
     9      H                  0.078
    10      H                  0.078
    11      C                 -0.210
    12      H                  0.072
    13      H                  0.072
    14      H                  0.071
 Total Mulliken Charge =      -0.000
 
                  X        Y        Z     TOTAL  
  QM DIPOLE     0.000    0.000   -0.000    0.000
 
 Final Structure

  QMMM: QM Region Cartesian Coordinates (*=link atom) 
  QMMM: QM_NO.   MM_NO.  ATOM         X         Y         Z
  QMMM:     1        1      C       -5.6338    1.6161    0.0304
  QMMM:     2        2      H       -5.6437    2.3339    0.8860
  QMMM:     3        3      H       -6.5376    0.9646    0.1063
  QMMM:     4        4      H       -5.7003    2.2022   -0.9181
  QMMM:     5        5      C       -4.3809    0.7795    0.0522
  QMMM:     6        6      H       -4.4004    0.0488   -0.7993
  QMMM:     7        7      H       -4.3442    0.1798    0.9999
  QMMM:     8        8      C       -3.1365    1.6364   -0.0491
  QMMM:     9        9      H       -3.1168    2.3667    0.8026
  QMMM:    10       10      H       -3.1734    2.2364   -0.9966
  QMMM:    11       11      C       -1.8836    0.7997   -0.0279
  QMMM:    12       12      H       -1.8737    0.0826   -0.8841
  QMMM:    13       13      H       -1.8172    0.2129    0.9201
  QMMM:    14       14      H       -0.9799    1.4513   -0.1033

           --------- Calculation Completed ----------

