            --------------------------------------------------------
                             AMBER SQM VERSION 17
 
                                     By
              Ross C. Walker, Michael F. Crowley, Scott Brozell,
                         Tim Giese, Andreas W. Goetz,
                        Tai-Sung Lee and David A. Case
 
            --------------------------------------------------------
 

--------------------------------------------------------------------------------
  QM CALCULATION INFO
--------------------------------------------------------------------------------

| QMMM: Citation for AMBER QMMM Run:
| QMMM: R.C. Walker, M.F. Crowley and D.A. Case, J. COMP. CHEM. 29:1019, 2008

QMMM: SINGLET STATE CALCULATION
QMMM: RHF CALCULATION, NO. OF DOUBLY OCCUPIED LEVELS = 10

| QMMM: *** Selected Hamiltonian *** 
| QMMM: AM1         

| QMMM: *** Parameter sets in use ***
| QMMM: C : M.J.S.DEWAR et al. JACS, 107, 3902, (1985)
| QMMM: H : M.J.S.DEWAR et al. JACS, 107, 3902, (1985)

| QMMM: *** SCF convergence criteria ***
| QMMM: Energy change                :  0.1D-09 kcal/mol
| QMMM: Error matrix |FP-PF|         :  0.1D+00 au
| QMMM: Density matrix change        :  0.5D-06
| QMMM: Maximum number of SCF cycles :     1000

| QMMM: *** Diagonalization Routine Information ***
| QMMM: Pseudo diagonalizations are allowed.
| QMMM: Auto diagonalization routine selection is in use.
| QMMM:
| QMMM: Timing diagonalization routines:
| QMMM:                              norbs =       20
| QMMM:    diag iterations used for timing =       20
| QMMM:
| QMMM:              Internal diag routine = 0.001724 seconds
| QMMM:                 Dspev diag routine = 0.003151 seconds
| QMMM:                Dspevd diag routine = 0.003096 seconds
| QMMM:                Dspevx diag routine = 0.009226 seconds
| QMMM:                 Dsyev diag routine = 0.003133 seconds
| QMMM:                Dsyevd diag routine = 0.003293 seconds
| QMMM:                Dsyevr diag routine = 0.002990 seconds
| QMMM:
| QMMM:                Pseudo diag routine = 0.000492 seconds
| QMMM:
| QMMM: Using internal diagonalization routine (diag_routine=1).

  QMMM: QM Region Cartesian Coordinates (*=link atom) 
  QMMM: QM_NO.   MM_NO.  ATOM         X         Y         Z
  QMMM:     1        1      C       -5.6450    1.6160    0.0140
  QMMM:     2        2      H       -5.6550    2.3560    0.8210
  QMMM:     3        3      H       -6.5280    0.9790    0.1250
  QMMM:     4        4      H       -5.7270    2.1460   -0.9400
  QMMM:     5        5      C       -4.3800    0.7740    0.0590
  QMMM:     6        6      H       -4.3960    0.0560   -0.7690
  QMMM:     7        7      H       -4.3660    0.1960    0.9900
  QMMM:     8        8      C       -3.1250    1.6420   -0.0260
  QMMM:     9        9      H       -3.1420    2.2050   -0.9360
  QMMM:    10       10      H       -2.2570    1.0170   -0.0090
  QMMM:    11       11      H       -3.0980    2.3120    0.8080

--------------------------------------------------------------------------------
  RESULTS
--------------------------------------------------------------------------------

      iter         sqm energy              rms gradient
      ----    -------------------    -----------------------
xmin    10      -24.3231 kcal/mol        0.0645 kcal/(mol*A)
xmin    20      -24.3241 kcal/mol        0.0038 kcal/(mol*A)
  ... geometry converged !
 
 Final MO eigenvalues (eV):
 -35.2296  -27.6916  -21.9086  -15.7117  -15.0351  -13.8241  -12.9063  -11.9900
 -11.8861  -11.3245    3.9200    4.0503    4.3281    4.6012    4.8128    4.9185
   4.9877    5.1879    5.2165    5.2888

 Heat of formation   =        -24.32413935 kcal/mol  (       -1.05477383 eV)

 Total SCF energy    =     -11414.71324003 kcal/mol  (     -494.97910932 eV)
 Electronic energy   =     -37725.65072103 kcal/mol  (    -1635.90697372 eV)
 Core-core repulsion =      26310.93748101 kcal/mol  (     1140.92786440 eV)
 
    Atomic Charges for Step       1 :
  Atom    Element       Mulliken Charge
     1      C                 -0.211
     2      H                  0.072
     3      H                  0.071
     4      H                  0.072
     5      C                 -0.160
     6      H                  0.076
     7      H                  0.076
     8      C                 -0.211
     9      H                  0.072
    10      H                  0.071
    11      H                  0.072
 Total Mulliken Charge =      -0.000
 
                  X        Y        Z     TOTAL  
  QM DIPOLE    -0.000    0.004   -0.000    0.004
 
 Final Structure

  QMMM: QM Region Cartesian Coordinates (*=link atom) 
  QMMM: QM_NO.   MM_NO.  ATOM         X         Y         Z
  QMMM:     1        1      C       -5.6424    1.6128    0.0207
  QMMM:     2        2      H       -5.6610    2.3417    0.8668
  QMMM:     3        3      H       -6.5457    0.9607    0.0969
  QMMM:     4        4      H       -5.7008    2.1864   -0.9358
  QMMM:     5        5      C       -4.3871    0.7799    0.0648
  QMMM:     6        6      H       -4.4007    0.0378   -0.7771
  QMMM:     7        7      H       -4.3613    0.1922    1.0206
  QMMM:     8        8      C       -3.1471    1.6308   -0.0354
  QMMM:     9        9      H       -3.1403    2.2053   -0.9931
  QMMM:    10       10      H       -2.2320    0.9917   -0.0008
  QMMM:    11       11      H       -3.1006    2.3597    0.8095

           --------- Calculation Completed ----------

