            --------------------------------------------------------
                             AMBER SQM VERSION 17
 
                                     By
              Ross C. Walker, Michael F. Crowley, Scott Brozell,
                         Tim Giese, Andreas W. Goetz,
                        Tai-Sung Lee and David A. Case
 
            --------------------------------------------------------
 

--------------------------------------------------------------------------------
  QM CALCULATION INFO
--------------------------------------------------------------------------------

| QMMM: Citation for AMBER QMMM Run:
| QMMM: R.C. Walker, M.F. Crowley and D.A. Case, J. COMP. CHEM. 29:1019, 2008

QMMM: SINGLET STATE CALCULATION
QMMM: RHF CALCULATION, NO. OF DOUBLY OCCUPIED LEVELS = 16

| QMMM: *** Selected Hamiltonian *** 
| QMMM: AM1         

| QMMM: *** Parameter sets in use ***
| QMMM: C : M.J.S.DEWAR et al. JACS, 107, 3902, (1985)
| QMMM: H : M.J.S.DEWAR et al. JACS, 107, 3902, (1985)

| QMMM: *** SCF convergence criteria ***
| QMMM: Energy change                :  0.1D-09 kcal/mol
| QMMM: Error matrix |FP-PF|         :  0.1D+00 au
| QMMM: Density matrix change        :  0.5D-06
| QMMM: Maximum number of SCF cycles :     1000

| QMMM: *** Diagonalization Routine Information ***
| QMMM: Pseudo diagonalizations are allowed.
| QMMM: Auto diagonalization routine selection is in use.
| QMMM:
| QMMM: Timing diagonalization routines:
| QMMM:                              norbs =       32
| QMMM:    diag iterations used for timing =       20
| QMMM:
| QMMM:              Internal diag routine = 0.004682 seconds
| QMMM:                 Dspev diag routine = 0.007867 seconds
| QMMM:                Dspevd diag routine = 0.007492 seconds
| QMMM:                Dspevx diag routine = 0.023974 seconds
| QMMM:                 Dsyev diag routine = 0.008120 seconds
| QMMM:                Dsyevd diag routine = 0.007515 seconds
| QMMM:                Dsyevr diag routine = 0.006727 seconds
| QMMM:
| QMMM:                Pseudo diag routine = 0.001586 seconds
| QMMM:
| QMMM: Using internal diagonalization routine (diag_routine=1).

  QMMM: QM Region Cartesian Coordinates (*=link atom) 
  QMMM: QM_NO.   MM_NO.  ATOM         X         Y         Z
  QMMM:     1        1      C       -5.6450    1.6160    0.0140
  QMMM:     2        2      H       -5.6550    2.3560    0.8210
  QMMM:     3        3      H       -6.5280    0.9790    0.1250
  QMMM:     4        4      H       -5.7270    2.1470   -0.9400
  QMMM:     5        5      C       -4.3800    0.7740    0.0590
  QMMM:     6        6      H       -4.3960    0.0560   -0.7690
  QMMM:     7        7      H       -4.3660    0.1960    0.9900
  QMMM:     8        8      C       -3.1250    1.6430   -0.0260
  QMMM:     9        9      H       -3.1000    2.3320    0.8260
  QMMM:    10       10      H       -3.1590    2.2550   -0.9350
  QMMM:    11       11      C       -1.8570    0.7890   -0.0350
  QMMM:    12       12      H       -1.8550    0.1390   -0.9180
  QMMM:    13       13      H       -1.8380    0.1380    0.8470
  QMMM:    14       14      C       -0.6050    1.6510   -0.0450
  QMMM:    15       15      H       -0.5850    2.3070   -0.9200
  QMMM:    16       16      H        0.2890    1.0200   -0.0720
  QMMM:    17       17      H       -0.5520    2.2740    0.8540

--------------------------------------------------------------------------------
  RESULTS
--------------------------------------------------------------------------------

      iter         sqm energy              rms gradient
      ----    -------------------    -----------------------
xmin    10      -38.0592 kcal/mol        0.2208 kcal/(mol*A)
xmin    20      -38.0649 kcal/mol        0.0375 kcal/(mol*A)
xmin    30      -38.0673 kcal/mol        0.0227 kcal/(mol*A)
xmin    40      -38.0678 kcal/mol        0.0220 kcal/(mol*A)
xmin    50      -38.0679 kcal/mol        0.0057 kcal/(mol*A)
  ... geometry converged !
 
 Final MO eigenvalues (eV):
 -36.8643  -32.7744  -27.2884  -22.5459  -21.4779  -16.4577  -15.1592  -14.6576
 -14.2418  -13.4511  -12.7665  -12.4872  -11.7005  -11.5536  -11.5107  -11.1112
   3.7747    3.8093    4.1244    4.2360    4.5043    4.5764    4.5868    4.7262
   4.9695    4.9888    5.0068    5.1073    5.2121    5.2383    5.3101    5.3803


 Heat of formation   =        -38.06789455 kcal/mol  (       -1.65074778 eV)

 Total SCF energy    =     -18602.16305828 kcal/mol  (     -806.65032125 eV)
 Electronic energy   =     -77633.67694290 kcal/mol  (    -3366.44885057 eV)
 Core-core repulsion =      59031.51388461 kcal/mol  (     2559.79852932 eV)
 
    Atomic Charges for Step       1 :
  Atom    Element       Mulliken Charge
     1      C                 -0.210
     2      H                  0.072
     3      H                  0.071
     4      H                  0.072
     5      C                 -0.159
     6      H                  0.077
     7      H                  0.077
     8      C                 -0.158
     9      H                  0.079
    10      H                  0.079
    11      C                 -0.159
    12      H                  0.077
    13      H                  0.077
    14      C                 -0.210
    15      H                  0.072
    16      H                  0.071
    17      H                  0.072
 Total Mulliken Charge =      -0.000
 
                  X        Y        Z     TOTAL  
  QM DIPOLE    -0.000    0.006   -0.000    0.006
 
 Final Structure

  QMMM: QM Region Cartesian Coordinates (*=link atom) 
  QMMM: QM_NO.   MM_NO.  ATOM         X         Y         Z
  QMMM:     1        1      C       -5.6218    1.6156    0.0262
  QMMM:     2        2      H       -5.6428    2.3083    0.9021
  QMMM:     3        3      H       -6.5263    0.9623    0.0714
  QMMM:     4        4      H       -5.6761    2.2290   -0.9057
  QMMM:     5        5      C       -4.3691    0.7784    0.0398
  QMMM:     6        6      H       -4.3779    0.0727   -0.8327
  QMMM:     7        7      H       -4.3449    0.1515    0.9702
  QMMM:     8        8      C       -3.1248    1.6385   -0.0205
  QMMM:     9        9      H       -3.1130    2.3434    0.8522
  QMMM:    10       10      H       -3.1463    2.2653   -0.9508
  QMMM:    11       11      C       -1.8681    0.7944   -0.0072
  QMMM:    12       12      H       -1.8826    0.0894   -0.8800
  QMMM:    13       13      H       -1.8497    0.1668    0.9229
  QMMM:    14       14      C       -0.6277    1.6478   -0.0664
  QMMM:    15       15      H       -0.6161    2.2626   -0.9988
  QMMM:    16       16      H        0.2862    1.0061   -0.0557
  QMMM:    17       17      H       -0.5829    2.3400    0.8090

           --------- Calculation Completed ----------

