            --------------------------------------------------------
                             AMBER SQM VERSION 17
 
                                     By
              Ross C. Walker, Michael F. Crowley, Scott Brozell,
                         Tim Giese, Andreas W. Goetz,
                        Tai-Sung Lee and David A. Case
 
            --------------------------------------------------------
 

--------------------------------------------------------------------------------
  QM CALCULATION INFO
--------------------------------------------------------------------------------

| QMMM: Citation for AMBER QMMM Run:
| QMMM: R.C. Walker, M.F. Crowley and D.A. Case, J. COMP. CHEM. 29:1019, 2008

QMMM: SINGLET STATE CALCULATION
QMMM: RHF CALCULATION, NO. OF DOUBLY OCCUPIED LEVELS = 31

| QMMM: *** Selected Hamiltonian *** 
| QMMM: AM1         

| QMMM: *** Parameter sets in use ***
| QMMM: C : M.J.S.DEWAR et al. JACS, 107, 3902, (1985)
| QMMM: H : M.J.S.DEWAR et al. JACS, 107, 3902, (1985)

| QMMM: *** SCF convergence criteria ***
| QMMM: Energy change                :  0.1D-09 kcal/mol
| QMMM: Error matrix |FP-PF|         :  0.1D+00 au
| QMMM: Density matrix change        :  0.5D-06
| QMMM: Maximum number of SCF cycles :     1000

| QMMM: *** Diagonalization Routine Information ***
| QMMM: Pseudo diagonalizations are allowed.
| QMMM: Auto diagonalization routine selection is in use.
| QMMM:
| QMMM: Timing diagonalization routines:
| QMMM:                              norbs =       62
| QMMM:    diag iterations used for timing =       15
| QMMM:
| QMMM:              Internal diag routine = 0.016036 seconds
| QMMM:                 Dspev diag routine = 0.025612 seconds
| QMMM:                Dspevd diag routine = 0.021196 seconds
| QMMM:                Dspevx diag routine = 0.073338 seconds
| QMMM:                 Dsyev diag routine = 0.026891 seconds
| QMMM:                Dsyevd diag routine = 0.023909 seconds
| QMMM:                Dsyevr diag routine = 0.020501 seconds
| QMMM:
| QMMM:                Pseudo diag routine = 0.006759 seconds
| QMMM:
| QMMM: Using internal diagonalization routine (diag_routine=1).

  QMMM: QM Region Cartesian Coordinates (*=link atom) 
  QMMM: QM_NO.   MM_NO.  ATOM         X         Y         Z
  QMMM:     1        1      C       -5.7340    1.6270    0.0040
  QMMM:     2        2      H       -5.7600    2.2880    0.8760
  QMMM:     3        3      H       -6.6280    0.9950    0.0300
  QMMM:     4        4      H       -5.7810    2.2450   -0.8980
  QMMM:     5        5      C       -4.4810    0.7660    0.0100
  QMMM:     6        6      H       -4.5010    0.0940   -0.8560
  QMMM:     7        7      H       -4.4810    0.1380    0.9080
  QMMM:     8        8      C       -3.2140    1.6210   -0.0260
  QMMM:     9        9      H       -3.2040    2.2990    0.8370
  QMMM:    10       10      H       -3.2180    2.2460   -0.9270
  QMMM:    11       11      C       -1.9560    0.7520   -0.0090
  QMMM:    12       12      H       -1.9640    0.0760   -0.8720
  QMMM:    13       13      H       -1.9550    0.1260    0.8920
  QMMM:    14       14      C       -0.6880    1.6070   -0.0390
  QMMM:    15       15      H       -0.6880    2.2940    0.8170
  QMMM:    16       16      H       -0.6810    2.2220   -0.9470
  QMMM:    17       17      C        0.5700    0.7380    0.0030
  QMMM:    18       18      H        0.5730    0.0530   -0.8530
  QMMM:    19       19      H        0.5590    0.1220    0.9100
  QMMM:    20       20      C        1.8380    1.5930   -0.0190
  QMMM:    21       21      H        1.8250    2.2920    0.8260
  QMMM:    22       22      H        1.8590    2.1950   -0.9360
  QMMM:    23       23      C        3.0950    0.7260    0.0550
  QMMM:    24       24      H        3.1110    0.0260   -0.7890
  QMMM:    25       25      H        3.0720    0.1240    0.9720
  QMMM:    26       26      C        4.3630    1.5800    0.0360
  QMMM:    27       27      H        4.3480    2.2880    0.8720
  QMMM:    28       28      H        4.4010    2.1680   -0.8880
  QMMM:    29       29      C        5.6140    0.7210    0.1340
  QMMM:    30       30      H        5.6230    0.1450    1.0640
  QMMM:    31       31      H        6.5080    1.3520    0.1160
  QMMM:    32       32      H        5.6760    0.0210   -0.7050

--------------------------------------------------------------------------------
  RESULTS
--------------------------------------------------------------------------------

      iter         sqm energy              rms gradient
      ----    -------------------    -----------------------
xmin    10      -72.3898 kcal/mol        0.0633 kcal/(mol*A)
xmin    20      -72.3913 kcal/mol        0.0214 kcal/(mol*A)
xmin    30      -72.3918 kcal/mol        0.0056 kcal/(mol*A)
xmin    40      -72.3920 kcal/mol        0.0025 kcal/(mol*A)
xmin    50      -72.3921 kcal/mol        0.0024 kcal/(mol*A)
xmin    60      -72.3922 kcal/mol        0.0016 kcal/(mol*A)
xmin    70      -72.3922 kcal/mol        0.0009 kcal/(mol*A)
xmin    80      -72.3922 kcal/mol        0.0005 kcal/(mol*A)
  ... geometry converged !
 
 Final MO eigenvalues (eV):
 -37.8959  -36.5151  -34.3481  -31.5802  -28.4697  -25.3568  -22.7361  -21.7769
 -21.2555  -21.2465  -16.9682  -16.2828  -15.2921  -15.1655  -15.0236  -14.3902
 -14.1735  -13.8589  -13.3161  -13.1065  -12.7429  -12.2307  -12.1457  -12.0860
 -11.7210  -11.6462  -11.6160  -11.2587  -11.1300  -11.1016  -11.0632    3.5767
   3.6788    3.7989    3.9462    3.9804    4.2029    4.2040    4.3232    4.3332
   4.4485    4.5481    4.6004    4.6409    4.6923    4.7730    4.7956    4.8230
   4.9193    4.9745    5.0364    5.0565    5.1188    5.1443    5.1643    5.2600
   5.2785    5.2823    5.2917    5.3600    5.3819    5.4101

 Heat of formation   =        -72.39222498 kcal/mol  (       -3.13916244 eV)

 Total SCF energy    =     -36570.75254636 kcal/mol  (    -1585.82683086 eV)
 Electronic energy   =    -204456.53518525 kcal/mol  (    -8865.90066282 eV)
 Core-core repulsion =     167885.78263889 kcal/mol  (     7280.07383196 eV)
 
    Atomic Charges for Step       1 :
  Atom    Element       Mulliken Charge
     1      C                 -0.210
     2      H                  0.072
     3      H                  0.072
     4      H                  0.072
     5      C                 -0.159
     6      H                  0.078
     7      H                  0.078
     8      C                 -0.158
     9      H                  0.079
    10      H                  0.079
    11      C                 -0.158
    12      H                  0.079
    13      H                  0.079
    14      C                 -0.158
    15      H                  0.079
    16      H                  0.079
    17      C                 -0.158
    18      H                  0.079
    19      H                  0.079
    20      C                 -0.158
    21      H                  0.079
    22      H                  0.079
    23      C                 -0.158
    24      H                  0.079
    25      H                  0.079
    26      C                 -0.159
    27      H                  0.078
    28      H                  0.078
    29      C                 -0.210
    30      H                  0.072
    31      H                  0.072
    32      H                  0.072
 Total Mulliken Charge =      -0.000
 
                  X        Y        Z     TOTAL  
  QM DIPOLE    -0.000    0.000    0.000    0.000
 
 Final Structure

  QMMM: QM Region Cartesian Coordinates (*=link atom) 
  QMMM: QM_NO.   MM_NO.  ATOM         X         Y         Z
  QMMM:     1        1      C       -5.6785    1.6195   -0.0413
  QMMM:     2        2      H       -5.7148    2.3099    0.8359
  QMMM:     3        3      H       -6.5911    0.9762   -0.0216
  QMMM:     4        4      H       -5.7015    2.2360   -0.9723
  QMMM:     5        5      C       -4.4361    0.7681    0.0027
  QMMM:     6        6      H       -4.4302    0.0646   -0.8715
  QMMM:     7        7      H       -4.4430    0.1389    0.9318
  QMMM:     8        8      C       -3.1811    1.6145   -0.0233
  QMMM:     9        9      H       -3.1849    2.3182    0.8505
  QMMM:    10       10      H       -3.1713    2.2427   -0.9529
  QMMM:    11       11      C       -1.9359    0.7554    0.0220
  QMMM:    12       12      H       -1.9329    0.0510   -0.8513
  QMMM:    13       13      H       -1.9455    0.1279    0.9521
  QMMM:    14       14      C       -0.6820    1.6027   -0.0053
  QMMM:    15       15      H       -0.6856    2.3080    0.8672
  QMMM:    16       16      H       -0.6716    2.2291   -0.9361
  QMMM:    17       17      C        0.5633    0.7435    0.0419
  QMMM:    18       18      H        0.5663    0.0374   -0.8299
  QMMM:    19       19      H        0.5535    0.1180    0.9733
  QMMM:    20       20      C        1.8172    1.5908    0.0129
  QMMM:    21       21      H        1.8135    2.2979    0.8840
  QMMM:    22       22      H        1.8276    2.2152   -0.9192
  QMMM:    23       23      C        3.0624    0.7318    0.0622
  QMMM:    24       24      H        3.0660    0.0240   -0.8084
  QMMM:    25       25      H        3.0527    0.1081    0.9947
  QMMM:    26       26      C        4.3174    1.5780    0.0320
  QMMM:    27       27      H        4.3109    2.2868    0.9020
  QMMM:    28       28      H        4.3250    2.2016   -0.9009
  QMMM:    29       29      C        5.5598    0.7269    0.0820
  QMMM:    30       30      H        5.5825    0.1167    1.0171
  QMMM:    31       31      H        6.4725    1.3700    0.0583
  QMMM:    32       32      H        5.5963    0.0306   -0.7906

           --------- Calculation Completed ----------

