-I: Adding /share/apps/amber/amber16/dat/leap/prep to search path.
-I: Adding /share/apps/amber/amber16/dat/leap/lib to search path.
-I: Adding /share/apps/amber/amber16/dat/leap/parm to search path.
-I: Adding /share/apps/amber/amber16/dat/leap/cmd to search path.
-f: Source propanol.leap.in.

Welcome to LEaP!
(no leaprc in search path)
Sourcing: ./propanol.leap.in
----- Source: /share/apps/amber/amber16/dat/leap/cmd/leaprc.gaff2
----- Source of /share/apps/amber/amber16/dat/leap/cmd/leaprc.gaff2 done
Log file: ./leap.log
Loading parameters: /share/apps/amber/amber16/dat/leap/parm/gaff2.dat
Reading title:
AMBER General Force Field for organic molecules (Version 2.1, April 2016)
Loading parameters: ./propanol.frcmod
Reading force field modification type file (frcmod)
Reading title:
Remark line goes here
Loading Mol2 file: ./propanol.mol2
Reading MOLECULE named POH
Building topology.
Building atom parameters.
Checking 'mol'....
Checking parameters for unit 'mol'.
Checking for bond parameters.
Checking for angle parameters.
Unit is OK.
Checking Unit.
Building topology.
Building atom parameters.
Building bond parameters.
Building angle parameters.
Building proper torsion parameters.
Building improper torsion parameters.
 total 0 improper torsions applied
Building H-Bond parameters.
Incorporating Non-Bonded adjustments.
Not Marking per-residue atom chain types.
Marking per-residue atom chain types.
  (Residues lacking connect0/connect1 - 
   these don't have chain types marked:

	res	total affected

	POH	1
  )
 (no restraints)
Checking Unit.
Building topology.
Building atom parameters.
Building bond parameters.
Building angle parameters.
Building proper torsion parameters.
Building improper torsion parameters.
 total 0 improper torsions applied
Building H-Bond parameters.
Incorporating Non-Bonded adjustments.
Not Marking per-residue atom chain types.
Marking per-residue atom chain types.
  (Residues lacking connect0/connect1 - 
   these don't have chain types marked:

	res	total affected

	POH	1
  )
 (no restraints)
	Quit
