            --------------------------------------------------------
                             AMBER SQM VERSION 17
 
                                     By
              Ross C. Walker, Michael F. Crowley, Scott Brozell,
                         Tim Giese, Andreas W. Goetz,
                        Tai-Sung Lee and David A. Case
 
            --------------------------------------------------------
 

--------------------------------------------------------------------------------
  QM CALCULATION INFO
--------------------------------------------------------------------------------

| QMMM: Citation for AMBER QMMM Run:
| QMMM: R.C. Walker, M.F. Crowley and D.A. Case, J. COMP. CHEM. 29:1019, 2008

QMMM: SINGLET STATE CALCULATION
QMMM: RHF CALCULATION, NO. OF DOUBLY OCCUPIED LEVELS = 13

| QMMM: *** Selected Hamiltonian *** 
| QMMM: AM1         

| QMMM: *** Parameter sets in use ***
| QMMM: C : M.J.S.DEWAR et al. JACS, 107, 3902, (1985)
| QMMM: H : M.J.S.DEWAR et al. JACS, 107, 3902, (1985)
| QMMM: O : M.J.S.DEWAR et al. JACS, 107, 3902, (1985)

| QMMM: *** SCF convergence criteria ***
| QMMM: Energy change                :  0.1D-09 kcal/mol
| QMMM: Error matrix |FP-PF|         :  0.1D+00 au
| QMMM: Density matrix change        :  0.5D-06
| QMMM: Maximum number of SCF cycles :     1000

| QMMM: *** Diagonalization Routine Information ***
| QMMM: Pseudo diagonalizations are allowed.
| QMMM: Auto diagonalization routine selection is in use.
| QMMM:
| QMMM: Timing diagonalization routines:
| QMMM:                              norbs =       24
| QMMM:    diag iterations used for timing =       20
| QMMM:
| QMMM:              Internal diag routine = 0.002521 seconds
| QMMM:                 Dspev diag routine = 0.004415 seconds
| QMMM:                Dspevd diag routine = 0.004457 seconds
| QMMM:                Dspevx diag routine = 0.013359 seconds
| QMMM:                 Dsyev diag routine = 0.004425 seconds
| QMMM:                Dsyevd diag routine = 0.004511 seconds
| QMMM:                Dsyevr diag routine = 0.004083 seconds
| QMMM:
| QMMM:                Pseudo diag routine = 0.000731 seconds
| QMMM:
| QMMM: Using internal diagonalization routine (diag_routine=1).

  QMMM: QM Region Cartesian Coordinates (*=link atom) 
  QMMM: QM_NO.   MM_NO.  ATOM         X         Y         Z
  QMMM:     1        1      C      -11.3700   -3.2540   -0.6960
  QMMM:     2        2      H      -11.7610   -4.1950   -0.2960
  QMMM:     3        3      H      -10.4910   -3.4850   -1.3070
  QMMM:     4        4      H      -12.1350   -2.8170   -1.3460
  QMMM:     5        5      C      -11.0090   -2.3090    0.4350
  QMMM:     6        6      H      -10.2560   -2.7740    1.0830
  QMMM:     7        7      H      -11.8870   -2.1360    1.0710
  QMMM:     8        8      C      -10.4880   -0.9780   -0.0840
  QMMM:     9        9      H       -9.6150   -1.1230   -0.7280
  QMMM:    10       10      H      -11.2630   -0.4490   -0.6480
  QMMM:    11       11      O      -10.1040   -0.1710    1.0220
  QMMM:    12       12      H       -9.7450    0.6560    0.6610

--------------------------------------------------------------------------------
  RESULTS
--------------------------------------------------------------------------------

      iter         sqm energy              rms gradient
      ----    -------------------    -----------------------
xmin    10      -69.6061 kcal/mol        0.0359 kcal/(mol*A)
xmin    20      -69.6093 kcal/mol        0.0123 kcal/(mol*A)
xmin    30      -69.6095 kcal/mol        0.0125 kcal/(mol*A)
xmin    40      -69.6095 kcal/mol        0.0022 kcal/(mol*A)
  ... geometry converged !
 
 Final MO eigenvalues (eV):
 -38.2759  -33.9863  -26.6552  -22.0504  -18.1752  -16.4859  -15.5112  -14.1067
 -13.3457  -13.0212  -11.8224  -11.8123  -10.8453    3.4887    3.7838    4.0662
   4.2113    4.3424    4.5843    4.8059    4.9272    5.0599    5.1612    6.2901


 Heat of formation   =        -69.60949487 kcal/mol  (       -3.01849421 eV)

 Total SCF energy    =     -18809.12862626 kcal/mol  (     -815.62502174 eV)
 Electronic energy   =     -60323.36634911 kcal/mol  (    -2615.81745584 eV)
 Core-core repulsion =      41514.23772285 kcal/mol  (     1800.19243410 eV)
 
    Atomic Charges for Step       1 :
  Atom    Element       Mulliken Charge
     1      C                 -0.212
     2      H                  0.077
     3      H                  0.072
     4      H                  0.072
     5      C                 -0.164
     6      H                  0.094
     7      H                  0.094
     8      C                 -0.019
     9      H                  0.059
    10      H                  0.059
    11      O                 -0.330
    12      H                  0.197
 Total Mulliken Charge =      -0.000
 
                  X        Y        Z     TOTAL  
  QM DIPOLE     0.047    0.150   -1.529    1.537
 
 Final Structure

  QMMM: QM Region Cartesian Coordinates (*=link atom) 
  QMMM: QM_NO.   MM_NO.  ATOM         X         Y         Z
  QMMM:     1        1      C      -11.3780   -3.2328   -0.6867
  QMMM:     2        2      H      -11.7645   -4.1985   -0.2803
  QMMM:     3        3      H      -10.4950   -3.4517   -1.3349
  QMMM:     4        4      H      -12.1741   -2.7743   -1.3222
  QMMM:     5        5      C      -10.9977   -2.3112    0.4413
  QMMM:     6        6      H      -10.2116   -2.7862    1.0845
  QMMM:     7        7      H      -11.8847   -2.1117    1.0975
  QMMM:     8        8      C      -10.4697   -0.9913   -0.0944
  QMMM:     9        9      H       -9.5582   -1.1589   -0.7292
  QMMM:    10       10      H      -11.2515   -0.4758   -0.7149
  QMMM:    11       11      O      -10.1363   -0.1884    1.0274
  QMMM:    12       12      H       -9.8028    0.6459    0.6788

           --------- Calculation Completed ----------

