            --------------------------------------------------------
                             AMBER SQM VERSION 17
 
                                     By
              Ross C. Walker, Michael F. Crowley, Scott Brozell,
                         Tim Giese, Andreas W. Goetz,
                        Tai-Sung Lee and David A. Case
 
            --------------------------------------------------------
 

--------------------------------------------------------------------------------
  QM CALCULATION INFO
--------------------------------------------------------------------------------

| QMMM: Citation for AMBER QMMM Run:
| QMMM: R.C. Walker, M.F. Crowley and D.A. Case, J. COMP. CHEM. 29:1019, 2008

QMMM: SINGLET STATE CALCULATION
QMMM: RHF CALCULATION, NO. OF DOUBLY OCCUPIED LEVELS = 16

| QMMM: *** Selected Hamiltonian *** 
| QMMM: AM1         

| QMMM: *** Parameter sets in use ***
| QMMM: C : M.J.S.DEWAR et al. JACS, 107, 3902, (1985)
| QMMM: H : M.J.S.DEWAR et al. JACS, 107, 3902, (1985)
| QMMM: O : M.J.S.DEWAR et al. JACS, 107, 3902, (1985)

| QMMM: *** SCF convergence criteria ***
| QMMM: Energy change                :  0.1D-09 kcal/mol
| QMMM: Error matrix |FP-PF|         :  0.1D+00 au
| QMMM: Density matrix change        :  0.5D-06
| QMMM: Maximum number of SCF cycles :     1000

| QMMM: *** Diagonalization Routine Information ***
| QMMM: Pseudo diagonalizations are allowed.
| QMMM: Auto diagonalization routine selection is in use.
| QMMM:
| QMMM: Timing diagonalization routines:
| QMMM:                              norbs =       30
| QMMM:    diag iterations used for timing =       20
| QMMM:
| QMMM:              Internal diag routine = 0.004079 seconds
| QMMM:                 Dspev diag routine = 0.007005 seconds
| QMMM:                Dspevd diag routine = 0.006859 seconds
| QMMM:                Dspevx diag routine = 0.021000 seconds
| QMMM:                 Dsyev diag routine = 0.007035 seconds
| QMMM:                Dsyevd diag routine = 0.006955 seconds
| QMMM:                Dsyevr diag routine = 0.005988 seconds
| QMMM:
| QMMM:                Pseudo diag routine = 0.001322 seconds
| QMMM:
| QMMM: Using internal diagonalization routine (diag_routine=1).

  QMMM: QM Region Cartesian Coordinates (*=link atom) 
  QMMM: QM_NO.   MM_NO.  ATOM         X         Y         Z
  QMMM:     1        1      C      -11.5960   -3.1820   -1.5140
  QMMM:     2        2      H      -12.3760   -3.8610   -1.8740
  QMMM:     3        3      H      -10.6980   -3.7720   -1.3060
  QMMM:     4        4      H      -11.3550   -2.4880   -2.3270
  QMMM:     5        5      C      -12.0700   -2.4150   -0.2790
  QMMM:     6        6      H      -12.9040   -1.7680   -0.5790
  QMMM:     7        7      C      -10.9440   -1.5210    0.2430
  QMMM:     8        8      H      -10.0690   -2.1060    0.5430
  QMMM:     9        9      H      -10.6270   -0.8100   -0.5280
  QMMM:    10       10      H      -11.2800   -0.9430    1.1100
  QMMM:    11       11      C      -12.5840   -3.3570    0.8170
  QMMM:    12       12      H      -13.4580   -3.9190    0.4710
  QMMM:    13       13      H      -12.8900   -2.7820    1.6970
  QMMM:    14       14      O      -11.5900   -4.2840    1.2320
  QMMM:    15       15      H      -11.4830   -4.9370    0.5190

--------------------------------------------------------------------------------
  RESULTS
--------------------------------------------------------------------------------

      iter         sqm energy              rms gradient
      ----    -------------------    -----------------------
xmin    10      -75.4155 kcal/mol        0.1153 kcal/(mol*A)
xmin    20      -75.4770 kcal/mol        0.0721 kcal/(mol*A)
xmin    30      -75.4813 kcal/mol        0.0062 kcal/(mol*A)
xmin    40      -75.4815 kcal/mol        0.0085 kcal/(mol*A)
  ... geometry converged !
 
 Final MO eigenvalues (eV):
 -38.9261  -34.8766  -27.9675  -26.8951  -21.0051  -17.8566  -16.6347  -15.6680
 -14.5446  -14.1045  -13.3369  -12.9172  -12.2632  -11.8148  -11.6447  -10.8547
   3.5726    3.6976    3.7614    3.9383    4.2834    4.4531    4.4893    4.5169
   4.7309    4.8506    4.9542    5.0805    5.1627    6.3717

 Heat of formation   =        -75.48149424 kcal/mol  (       -3.27312321 eV)

 Total SCF energy    =     -22401.85365716 kcal/mol  (     -971.41726973 eV)
 Electronic energy   =     -84593.20867634 kcal/mol  (    -3668.23679269 eV)
 Core-core repulsion =      62191.35501917 kcal/mol  (     2696.81952297 eV)
 
    Atomic Charges for Step       1 :
  Atom    Element       Mulliken Charge
     1      C                 -0.214
     2      H                  0.074
     3      H                  0.071
     4      H                  0.080
     5      C                 -0.147
     6      H                  0.092
     7      C                 -0.206
     8      H                  0.085
     9      H                  0.073
    10      H                  0.076
    11      C                 -0.020
    12      H                  0.061
    13      H                  0.104
    14      O                 -0.325
    15      H                  0.196
 Total Mulliken Charge =      -0.000
 
                  X        Y        Z     TOTAL  
  QM DIPOLE    -0.429    0.387   -1.551    1.655
 
 Final Structure

  QMMM: QM Region Cartesian Coordinates (*=link atom) 
  QMMM: QM_NO.   MM_NO.  ATOM         X         Y         Z
  QMMM:     1        1      C      -11.6800   -3.1685   -1.5295
  QMMM:     2        2      H      -12.5105   -3.8354   -1.8646
  QMMM:     3        3      H      -10.7726   -3.7940   -1.3466
  QMMM:     4        4      H      -11.4460   -2.4513   -2.3527
  QMMM:     5        5      C      -12.0754   -2.4157   -0.2778
  QMMM:     6        6      H      -12.9322   -1.7297   -0.5343
  QMMM:     7        7      C      -10.9225   -1.5816    0.2353
  QMMM:     8        8      H      -10.1012   -2.2452    0.6012
  QMMM:     9        9      H      -10.5228   -0.9269   -0.5754
  QMMM:    10       10      H      -11.2575   -0.9379    1.0837
  QMMM:    11       11      C      -12.5775   -3.3675    0.8058
  QMMM:    12       12      H      -13.4336   -3.9768    0.4070
  QMMM:    13       13      H      -12.9198   -2.7868    1.7049
  QMMM:    14       14      O      -11.5754   -4.2281    1.3098
  QMMM:    15       15      H      -11.1971   -4.6996    0.5581

           --------- Calculation Completed ----------

