            --------------------------------------------------------
                             AMBER SQM VERSION 17
 
                                     By
              Ross C. Walker, Michael F. Crowley, Scott Brozell,
                         Tim Giese, Andreas W. Goetz,
                        Tai-Sung Lee and David A. Case
 
            --------------------------------------------------------
 

--------------------------------------------------------------------------------
  QM CALCULATION INFO
--------------------------------------------------------------------------------

| QMMM: Citation for AMBER QMMM Run:
| QMMM: R.C. Walker, M.F. Crowley and D.A. Case, J. COMP. CHEM. 29:1019, 2008

QMMM: SINGLET STATE CALCULATION
QMMM: RHF CALCULATION, NO. OF DOUBLY OCCUPIED LEVELS =  7

| QMMM: *** Selected Hamiltonian *** 
| QMMM: AM1         

| QMMM: *** Parameter sets in use ***
| QMMM: C : M.J.S.DEWAR et al. JACS, 107, 3902, (1985)
| QMMM: H : M.J.S.DEWAR et al. JACS, 107, 3902, (1985)

| QMMM: *** SCF convergence criteria ***
| QMMM: Energy change                :  0.1D-09 kcal/mol
| QMMM: Error matrix |FP-PF|         :  0.1D+00 au
| QMMM: Density matrix change        :  0.5D-06
| QMMM: Maximum number of SCF cycles :     1000

| QMMM: *** Diagonalization Routine Information ***
| QMMM: Pseudo diagonalizations are allowed.
| QMMM: Auto diagonalization routine selection is in use.
| QMMM:
| QMMM: Timing diagonalization routines:
| QMMM:                              norbs =       14
| QMMM:    diag iterations used for timing =       20
| QMMM:
| QMMM:              Internal diag routine = 0.000810 seconds
| QMMM:                 Dspev diag routine = 0.001476 seconds
| QMMM:                Dspevd diag routine = 0.001452 seconds
| QMMM:                Dspevx diag routine = 0.004587 seconds
| QMMM:                 Dsyev diag routine = 0.001458 seconds
| QMMM:                Dsyevd diag routine = 0.001484 seconds
| QMMM:                Dsyevr diag routine = 0.001509 seconds
| QMMM:
| QMMM:                Pseudo diag routine = 0.000225 seconds
| QMMM:
| QMMM: Using internal diagonalization routine (diag_routine=1).

  QMMM: QM Region Cartesian Coordinates (*=link atom) 
  QMMM: QM_NO.   MM_NO.  ATOM         X         Y         Z
  QMMM:     1        1      C       -5.6450    1.6160    0.0140
  QMMM:     2        2      H       -5.6550    2.3560    0.8210
  QMMM:     3        3      H       -6.5280    0.9790    0.1250
  QMMM:     4        4      H       -5.7270    2.1460   -0.9400
  QMMM:     5        5      C       -4.3800    0.7740    0.0590
  QMMM:     6        6      H       -4.3970    0.0610   -0.7390
  QMMM:     7        7      H       -4.3270    0.2600    0.9960
  QMMM:     8        8      H       -3.5250    1.4090   -0.0480

--------------------------------------------------------------------------------
  RESULTS
--------------------------------------------------------------------------------

      iter         sqm energy              rms gradient
      ----    -------------------    -----------------------
xmin    10      -17.4566 kcal/mol        0.0019 kcal/(mol*A)
xmin    20      -17.4566 kcal/mol        0.0006 kcal/(mol*A)
  ... geometry converged !
 
 Final MO eigenvalues (eV):
 -33.2108  -23.5939  -14.8833  -14.8833  -13.1517  -11.7660  -11.7660    4.1175
   4.1175    4.6679    4.9437    5.0388    5.0388    5.2463

 Heat of formation   =        -17.45659240 kcal/mol  (       -0.75697465 eV)

 Total SCF energy    =      -7820.99266155 kcal/mol  (     -339.14369115 eV)
 Electronic energy   =     -21457.97909188 kcal/mol  (     -930.48779723 eV)
 Core-core repulsion =      13636.98643033 kcal/mol  (      591.34410608 eV)
 
    Atomic Charges for Step       1 :
  Atom    Element       Mulliken Charge
     1      C                 -0.212
     2      H                  0.071
     3      H                  0.071
     4      H                  0.071
     5      C                 -0.212
     6      H                  0.071
     7      H                  0.071
     8      H                  0.071
 Total Mulliken Charge =      -0.000
 
                  X        Y        Z     TOTAL  
  QM DIPOLE     0.000    0.000   -0.000    0.000
 
 Final Structure

  QMMM: QM Region Cartesian Coordinates (*=link atom) 
  QMMM: QM_NO.   MM_NO.  ATOM         X         Y         Z
  QMMM:     1        1      C       -5.6482    1.6140    0.0135
  QMMM:     2        2      H       -5.6528    2.3681    0.8377
  QMMM:     3        3      H       -6.5534    0.9691    0.1257
  QMMM:     4        4      H       -5.7266    2.1591   -0.9584
  QMMM:     5        5      C       -4.3978    0.7862    0.0585
  QMMM:     6        6      H       -4.3931    0.0323   -0.7658
  QMMM:     7        7      H       -4.3195    0.2410    1.0303
  QMMM:     8        8      H       -3.4926    1.4312   -0.0536

           --------- Calculation Completed ----------

