            --------------------------------------------------------
                             AMBER SQM VERSION 17
 
                                     By
              Ross C. Walker, Michael F. Crowley, Scott Brozell,
                         Tim Giese, Andreas W. Goetz,
                        Tai-Sung Lee and David A. Case
 
            --------------------------------------------------------
 

--------------------------------------------------------------------------------
  QM CALCULATION INFO
--------------------------------------------------------------------------------

| QMMM: Citation for AMBER QMMM Run:
| QMMM: R.C. Walker, M.F. Crowley and D.A. Case, J. COMP. CHEM. 29:1019, 2008

QMMM: SINGLET STATE CALCULATION
QMMM: RHF CALCULATION, NO. OF DOUBLY OCCUPIED LEVELS = 40

| QMMM: *** Selected Hamiltonian *** 
| QMMM: AM1         

| QMMM: *** Parameter sets in use ***
| QMMM: C : M.J.S.DEWAR et al. JACS, 107, 3902, (1985)
| QMMM: H : M.J.S.DEWAR et al. JACS, 107, 3902, (1985)

| QMMM: *** SCF convergence criteria ***
| QMMM: Energy change                :  0.1D-09 kcal/mol
| QMMM: Error matrix |FP-PF|         :  0.1D+00 au
| QMMM: Density matrix change        :  0.5D-06
| QMMM: Maximum number of SCF cycles :     1000

| QMMM: *** Diagonalization Routine Information ***
| QMMM: Pseudo diagonalizations are allowed.
| QMMM: Auto diagonalization routine selection is in use.
| QMMM:
| QMMM: Timing diagonalization routines:
| QMMM:                              norbs =       80
| QMMM:    diag iterations used for timing =       15
| QMMM:
| QMMM:              Internal diag routine = 0.029944 seconds
| QMMM:                 Dspev diag routine = 0.046909 seconds
| QMMM:                Dspevd diag routine = 0.037306 seconds
| QMMM:                Dspevx diag routine = 0.130248 seconds
| QMMM:                 Dsyev diag routine = 0.049914 seconds
| QMMM:                Dsyevd diag routine = 0.041695 seconds
| QMMM:                Dsyevr diag routine = 0.035857 seconds
| QMMM:
| QMMM:                Pseudo diag routine = 0.013831 seconds
| QMMM:
| QMMM: Using internal diagonalization routine (diag_routine=1).

  QMMM: QM Region Cartesian Coordinates (*=link atom) 
  QMMM: QM_NO.   MM_NO.  ATOM         X         Y         Z
  QMMM:     1        1      C       -5.7020    1.6130   -0.0110
  QMMM:     2        2      H       -5.7340    2.2800    0.8570
  QMMM:     3        3      H       -6.5940    0.9800    0.0140
  QMMM:     4        4      H       -5.7450    2.2260   -0.9170
  QMMM:     5        5      C       -4.4470    0.7550    0.0080
  QMMM:     6        6      H       -4.4610    0.0770   -0.8530
  QMMM:     7        7      H       -4.4510    0.1330    0.9110
  QMMM:     8        8      C       -3.1820    1.6130   -0.0270
  QMMM:     9        9      H       -3.1780    2.2960    0.8320
  QMMM:    10       10      H       -3.1830    2.2320   -0.9320
  QMMM:    11       11      C       -1.9210    0.7480    0.0020
  QMMM:    12       12      H       -1.9230    0.0650   -0.8570
  QMMM:    13       13      H       -1.9200    0.1290    0.9070
  QMMM:    14       14      C       -0.6580    1.6090   -0.0320
  QMMM:    15       15      H       -0.6620    2.3000    0.8200
  QMMM:    16       16      H       -0.6550    2.2200   -0.9430
  QMMM:    17       17      C        0.6080    0.7510    0.0130
  QMMM:    18       18      H        0.6170    0.0620   -0.8400
  QMMM:    19       19      H        0.6050    0.1400    0.9240
  QMMM:    20       20      C        1.8650    1.6210   -0.0170
  QMMM:    21       21      H        1.8460    2.3210    0.8280
  QMMM:    22       22      H        1.8730    2.2230   -0.9340
  QMMM:    23       23      C        3.1370    0.7750    0.0510
  QMMM:    24       24      H        3.1630    0.0790   -0.7960
  QMMM:    25       25      H        3.1290    0.1710    0.9670
  QMMM:    26       26      C        4.3870    1.6570    0.0290
  QMMM:    27       27      H        4.3510    2.3620    0.8690
  QMMM:    28       28      H        4.3990    2.2530   -0.8920
  QMMM:    29       29      C        5.6660    0.8240    0.1170
  QMMM:    30       30      H        5.7100    0.1250   -0.7270
  QMMM:    31       31      H        5.6510    0.2230    1.0340
  QMMM:    32       32      C        6.9080    1.7170    0.1100
  QMMM:    33       33      H        6.8590    2.4200    0.9510
  QMMM:    34       34      H        6.9250    2.3150   -0.8100
  QMMM:    35       35      C        8.1910    0.8930    0.2080
  QMMM:    36       36      H        8.2530    0.1980   -0.6370
  QMMM:    37       37      H        8.1780    0.2900    1.1240
  QMMM:    38       38      C        9.4240    1.7830    0.2150
  QMMM:    39       39      H        9.4830    2.3780   -0.7020
  QMMM:    40       40      H       10.3310    1.1750    0.2860
  QMMM:    41       41      H        9.4070    2.4690    1.0690

--------------------------------------------------------------------------------
  RESULTS
--------------------------------------------------------------------------------

      iter         sqm energy              rms gradient
      ----    -------------------    -----------------------
xmin    10      -92.9827 kcal/mol        0.0189 kcal/(mol*A)
xmin    20      -92.9860 kcal/mol        0.0036 kcal/(mol*A)
xmin    30      -92.9865 kcal/mol        0.0152 kcal/(mol*A)
xmin    40      -92.9868 kcal/mol        0.0032 kcal/(mol*A)
xmin    50      -92.9869 kcal/mol        0.0012 kcal/(mol*A)
  ... geometry converged !
 
 Final MO eigenvalues (eV):
 -38.0761  -37.2000  -35.7969  -33.9395  -31.7281  -29.2899  -26.7809  -24.4013
 -22.4573  -21.8144  -21.5536  -21.1915  -21.0990  -17.0615  -16.6164  -15.9404
 -15.2216  -15.1121  -15.0967  -14.6976  -14.2548  -14.2235  -13.8686  -13.3635
 -13.3274  -12.8269  -12.6353  -12.6056  -12.1339  -11.9983  -11.9486  -11.7042
 -11.6918  -11.5981  -11.5595  -11.2804  -11.1319  -11.0733  -11.0638  -11.0329
   3.5208    3.6605    3.7383    3.7968    3.8575    4.0105    4.1055    4.1866
   4.2006    4.2923    4.3447    4.3754    4.4659    4.5385    4.5675    4.6225
   4.6634    4.6996    4.7391    4.7540    4.8398    4.8399    4.9043    4.9293
   5.0175    5.0347    5.0637    5.0880    5.1398    5.1810    5.2193    5.2234
   5.2549    5.2872    5.3033    5.3281    5.3315    5.3825    5.3926    5.4144


 Heat of formation   =        -92.98688860 kcal/mol  (       -4.03221407 eV)

 Total SCF energy    =     -47351.90630456 kcal/mol  (    -2053.33273945 eV)
 Electronic energy   =    -292664.32648844 kcal/mol  (   -12690.87751999 eV)
 Core-core repulsion =     245312.42018389 kcal/mol  (    10637.54478053 eV)
 
    Atomic Charges for Step       1 :
  Atom    Element       Mulliken Charge
     1      C                 -0.210
     2      H                  0.072
     3      H                  0.072
     4      H                  0.072
     5      C                 -0.159
     6      H                  0.078
     7      H                  0.078
     8      C                 -0.158
     9      H                  0.079
    10      H                  0.079
    11      C                 -0.158
    12      H                  0.079
    13      H                  0.079
    14      C                 -0.158
    15      H                  0.079
    16      H                  0.079
    17      C                 -0.158
    18      H                  0.079
    19      H                  0.079
    20      C                 -0.158
    21      H                  0.079
    22      H                  0.079
    23      C                 -0.158
    24      H                  0.079
    25      H                  0.079
    26      C                 -0.158
    27      H                  0.079
    28      H                  0.079
    29      C                 -0.158
    30      H                  0.079
    31      H                  0.079
    32      C                 -0.158
    33      H                  0.079
    34      H                  0.079
    35      C                 -0.159
    36      H                  0.078
    37      H                  0.078
    38      C                 -0.210
    39      H                  0.072
    40      H                  0.072
    41      H                  0.072
 Total Mulliken Charge =      -0.000
 
                  X        Y        Z     TOTAL  
  QM DIPOLE    -0.000    0.007   -0.000    0.007
 
 Final Structure

  QMMM: QM Region Cartesian Coordinates (*=link atom) 
  QMMM: QM_NO.   MM_NO.  ATOM         X         Y         Z
  QMMM:     1        1      C       -5.6314    1.5667   -0.0734
  QMMM:     2        2      H       -5.6848    2.2597    0.8009
  QMMM:     3        3      H       -6.5339    0.9092   -0.0577
  QMMM:     4        4      H       -5.6576    2.1793   -1.0069
  QMMM:     5        5      C       -4.3761    0.7353   -0.0175
  QMMM:     6        6      H       -4.3526    0.0289   -0.8892
  QMMM:     7        7      H       -4.3797    0.1092    0.9138
  QMMM:     8        8      C       -3.1344    1.6013   -0.0374
  QMMM:     9        9      H       -3.1555    2.3074    0.8342
  QMMM:    10       10      H       -3.1281    2.2268   -0.9688
  QMMM:    11       11      C       -1.8761    0.7622    0.0192
  QMMM:    12       12      H       -1.8554    0.0561   -0.8526
  QMMM:    13       13      H       -1.8829    0.1366    0.9506
  QMMM:    14       14      C       -0.6356    1.6292   -0.0006
  QMMM:    15       15      H       -0.6565    2.3354    0.8710
  QMMM:    16       16      H       -0.6287    2.2546   -0.9321
  QMMM:    17       17      C        0.6226    0.7899    0.0564
  QMMM:    18       18      H        0.6435    0.0838   -0.8153
  QMMM:    19       19      H        0.6157    0.1644    0.9878
  QMMM:    20       20      C        1.8632    1.6569    0.0367
  QMMM:    21       21      H        1.8423    2.3631    0.9083
  QMMM:    22       22      H        1.8703    2.2822   -0.8948
  QMMM:    23       23      C        3.1214    0.8175    0.0939
  QMMM:    24       24      H        3.1422    0.1112   -0.7775
  QMMM:    25       25      H        3.1144    0.1923    1.0256
  QMMM:    26       26      C        4.3620    1.6845    0.0741
  QMMM:    27       27      H        4.3411    2.3909    0.9455
  QMMM:    28       28      H        4.3691    2.3095   -0.8576
  QMMM:    29       29      C        5.6202    0.8450    0.1315
  QMMM:    30       30      H        5.6410    0.1385   -0.7398
  QMMM:    31       31      H        5.6130    0.2199    1.0632
  QMMM:    32       32      C        6.8608    1.7118    0.1117
  QMMM:    33       33      H        6.8402    2.4184    0.9829
  QMMM:    34       34      H        6.8684    2.3368   -0.8201
  QMMM:    35       35      C        8.1201    0.8734    0.1693
  QMMM:    36       36      H        8.1382    0.1664   -0.7020
  QMMM:    37       37      H        8.1099    0.2478    1.1009
  QMMM:    38       38      C        9.3579    1.7323    0.1499
  QMMM:    39       39      H        9.3983    2.3450   -0.7830
  QMMM:    40       40      H       10.2738    1.0949    0.1931
  QMMM:    41       41      H        9.3699    2.4267    1.0247

           --------- Calculation Completed ----------

