            --------------------------------------------------------
                             AMBER SQM VERSION 17
 
                                     By
              Ross C. Walker, Michael F. Crowley, Scott Brozell,
                         Tim Giese, Andreas W. Goetz,
                        Tai-Sung Lee and David A. Case
 
            --------------------------------------------------------
 

--------------------------------------------------------------------------------
  QM CALCULATION INFO
--------------------------------------------------------------------------------

| QMMM: Citation for AMBER QMMM Run:
| QMMM: R.C. Walker, M.F. Crowley and D.A. Case, J. COMP. CHEM. 29:1019, 2008

QMMM: SINGLET STATE CALCULATION
QMMM: RHF CALCULATION, NO. OF DOUBLY OCCUPIED LEVELS = 46

| QMMM: *** Selected Hamiltonian *** 
| QMMM: AM1         

| QMMM: *** Parameter sets in use ***
| QMMM: C : M.J.S.DEWAR et al. JACS, 107, 3902, (1985)
| QMMM: H : M.J.S.DEWAR et al. JACS, 107, 3902, (1985)

| QMMM: *** SCF convergence criteria ***
| QMMM: Energy change                :  0.1D-09 kcal/mol
| QMMM: Error matrix |FP-PF|         :  0.1D+00 au
| QMMM: Density matrix change        :  0.5D-06
| QMMM: Maximum number of SCF cycles :     1000

| QMMM: *** Diagonalization Routine Information ***
| QMMM: Pseudo diagonalizations are allowed.
| QMMM: Auto diagonalization routine selection is in use.
| QMMM:
| QMMM: Timing diagonalization routines:
| QMMM:                              norbs =       92
| QMMM:    diag iterations used for timing =       15
| QMMM:
| QMMM:              Internal diag routine = 0.042831 seconds
| QMMM:                 Dspev diag routine = 0.065387 seconds
| QMMM:                Dspevd diag routine = 0.051104 seconds
| QMMM:                Dspevx diag routine = 0.178979 seconds
| QMMM:                 Dsyev diag routine = 0.069602 seconds
| QMMM:                Dsyevd diag routine = 0.056529 seconds
| QMMM:                Dsyevr diag routine = 0.049523 seconds
| QMMM:
| QMMM:                Pseudo diag routine = 0.020405 seconds
| QMMM:
| QMMM: Using internal diagonalization routine (diag_routine=1).

  QMMM: QM Region Cartesian Coordinates (*=link atom) 
  QMMM: QM_NO.   MM_NO.  ATOM         X         Y         Z
  QMMM:     1        1      C       -5.7050    1.6070   -0.0170
  QMMM:     2        2      H       -5.7400    2.2760    0.8490
  QMMM:     3        3      H       -6.5970    0.9720    0.0090
  QMMM:     4        4      H       -5.7470    2.2160   -0.9250
  QMMM:     5        5      C       -4.4490    0.7500    0.0070
  QMMM:     6        6      H       -4.4610    0.0700   -0.8520
  QMMM:     7        7      H       -4.4530    0.1310    0.9120
  QMMM:     8        8      C       -3.1850    1.6090   -0.0280
  QMMM:     9        9      H       -3.1830    2.2940    0.8280
  QMMM:    10       10      H       -3.1860    2.2260   -0.9350
  QMMM:    11       11      C       -1.9230    0.7450    0.0030
  QMMM:    12       12      H       -1.9250    0.0600   -0.8540
  QMMM:    13       13      H       -1.9230    0.1290    0.9100
  QMMM:    14       14      C       -0.6600    1.6070   -0.0320
  QMMM:    15       15      H       -0.6640    2.2980    0.8200
  QMMM:    16       16      H       -0.6570    2.2170   -0.9430
  QMMM:    17       17      C        0.6050    0.7470    0.0130
  QMMM:    18       18      H        0.6120    0.0570   -0.8390
  QMMM:    19       19      H        0.6010    0.1370    0.9240
  QMMM:    20       20      C        1.8630    1.6150   -0.0180
  QMMM:    21       21      H        1.8460    2.3140    0.8280
  QMMM:    22       22      H        1.8710    2.2180   -0.9340
  QMMM:    23       23      C        3.1340    0.7670    0.0480
  QMMM:    24       24      H        3.1580    0.0720   -0.8000
  QMMM:    25       25      H        3.1260    0.1620    0.9630
  QMMM:    26       26      C        4.3830    1.6480    0.0260
  QMMM:    27       27      H        4.3460    2.3550    0.8640
  QMMM:    28       28      H        4.3980    2.2420   -0.8960
  QMMM:    29       29      C        5.6640    0.8170    0.1190
  QMMM:    30       30      H        5.7130    0.1170   -0.7250
  QMMM:    31       31      H        5.6470    0.2170    1.0370
  QMMM:    32       32      C        6.9010    1.7160    0.1140
  QMMM:    33       33      H        6.8360    2.4310    0.9440
  QMMM:    34       34      H        6.9260    2.3000   -0.8130
  QMMM:    35       35      C        8.1910    0.9040    0.2430
  QMMM:    36       36      H        8.2690    0.1990   -0.5940
  QMMM:    37       37      H        8.1610    0.3110    1.1650
  QMMM:    38       38      C        9.4160    1.8200    0.2610
  QMMM:    39       39      C       10.7100    1.0220    0.4200
  QMMM:    40       40      H        9.3250    2.5370    1.0860
  QMMM:    41       41      H        9.4540    2.4000   -0.6690
  QMMM:    42       42      C       11.9240    1.9370    0.4560
  QMMM:    43       43      H       10.8160    0.3140   -0.4100
  QMMM:    44       44      H       10.6750    0.4360    1.3450
  QMMM:    45       45      H       12.0070    2.5160   -0.4700
  QMMM:    46       46      H       12.8400    1.3490    0.5720
  QMMM:    47       47      H       11.8620    2.6380    1.2940

--------------------------------------------------------------------------------
  RESULTS
--------------------------------------------------------------------------------

      iter         sqm energy              rms gradient
      ----    -------------------    -----------------------
xmin    10     -106.7102 kcal/mol        0.0306 kcal/(mol*A)
xmin    20     -106.7128 kcal/mol        0.0075 kcal/(mol*A)
xmin    30     -106.7165 kcal/mol        0.0126 kcal/(mol*A)
xmin    40     -106.7166 kcal/mol        0.0031 kcal/(mol*A)
  ... geometry converged !
 
 Final MO eigenvalues (eV):
 -38.1456  -37.4668  -36.3715  -34.9030  -33.1213  -31.1021  -28.9358  -26.7311
 -24.6243  -22.8143  -21.8734  -21.5836  -21.5743  -21.1414  -21.0393  -17.0980
 -16.7498  -16.2111  -15.5306  -15.2326  -15.1618  -14.7687  -14.6672  -14.6549
 -13.9882  -13.9764  -13.6989  -13.2589  -13.2465  -12.8545  -12.5906  -12.4498
 -12.3327  -12.0516  -11.9734  -11.8332  -11.6781  -11.6424  -11.6404  -11.5111
 -11.3597  -11.1872  -11.0995  -11.0676  -11.0650  -10.9903    3.4970    3.6532
   3.7142    3.7266    3.8081    3.9305    4.0063    4.0744    4.1900    4.2325
   4.2594    4.2601    4.3840    4.3982    4.4457    4.5524    4.5654    4.6145
   4.6157    4.6852    4.7197    4.7287    4.7618    4.8107    4.8711    4.8843
   4.8973    4.9544    5.0285    5.0477    5.0508    5.0885    5.1477    5.1571
   5.2004    5.2321    5.2336    5.2652    5.2891    5.3032    5.3042    5.3471
   5.3514    5.3914    5.3965    5.4157

 Heat of formation   =       -106.71664767 kcal/mol  (       -4.62758110 eV)

 Total SCF energy    =     -54539.34212669 kcal/mol  (    -2365.00334446 eV)
 Electronic energy   =    -355149.26629054 kcal/mol  (   -15400.42783446 eV)
 Core-core repulsion =     300609.92416385 kcal/mol  (    13035.42449000 eV)
 
    Atomic Charges for Step       1 :
  Atom    Element       Mulliken Charge
     1      C                 -0.210
     2      H                  0.072
     3      H                  0.072
     4      H                  0.072
     5      C                 -0.159
     6      H                  0.078
     7      H                  0.078
     8      C                 -0.158
     9      H                  0.079
    10      H                  0.079
    11      C                 -0.158
    12      H                  0.079
    13      H                  0.079
    14      C                 -0.158
    15      H                  0.079
    16      H                  0.079
    17      C                 -0.158
    18      H                  0.079
    19      H                  0.079
    20      C                 -0.158
    21      H                  0.079
    22      H                  0.079
    23      C                 -0.158
    24      H                  0.079
    25      H                  0.079
    26      C                 -0.158
    27      H                  0.079
    28      H                  0.079
    29      C                 -0.158
    30      H                  0.079
    31      H                  0.079
    32      C                 -0.158
    33      H                  0.079
    34      H                  0.079
    35      C                 -0.158
    36      H                  0.079
    37      H                  0.079
    38      C                 -0.158
    39      C                 -0.159
    40      H                  0.079
    41      H                  0.079
    42      C                 -0.210
    43      H                  0.078
    44      H                  0.078
    45      H                  0.072
    46      H                  0.072
    47      H                  0.072
 Total Mulliken Charge =      -0.000
 
                  X        Y        Z     TOTAL  
  QM DIPOLE    -0.000    0.007   -0.000    0.007
 
 Final Structure

  QMMM: QM Region Cartesian Coordinates (*=link atom) 
  QMMM: QM_NO.   MM_NO.  ATOM         X         Y         Z
  QMMM:     1        1      C       -5.6237    1.5250   -0.1330
  QMMM:     2        2      H       -5.6914    2.2212    0.7378
  QMMM:     3        3      H       -6.5216    0.8611   -0.1243
  QMMM:     4        4      H       -5.6441    2.1336   -1.0693
  QMMM:     5        5      C       -4.3631    0.7027   -0.0601
  QMMM:     6        6      H       -4.3253   -0.0069   -0.9285
  QMMM:     7        7      H       -4.3725    0.0804    0.8737
  QMMM:     8        8      C       -3.1275    1.5775   -0.0701
  QMMM:     9        9      H       -3.1628    2.2868    0.7985
  QMMM:    10       10      H       -3.1155    2.1994   -1.0038
  QMMM:    11       11      C       -1.8640    0.7474    0.0033
  QMMM:    12       12      H       -1.8289    0.0383   -0.8653
  QMMM:    13       13      H       -1.8764    0.1254    0.9370
  QMMM:    14       14      C       -0.6295    1.6232   -0.0065
  QMMM:    15       15      H       -0.6647    2.3325    0.8621
  QMMM:    16       16      H       -0.6169    2.2450   -0.9403
  QMMM:    17       17      C        0.6340    0.7930    0.0673
  QMMM:    18       18      H        0.6695    0.0840   -0.8016
  QMMM:    19       19      H        0.6212    0.1708    1.0008
  QMMM:    20       20      C        1.8685    1.6688    0.0582
  QMMM:    21       21      H        1.8328    2.3781    0.9268
  QMMM:    22       22      H        1.8816    2.2907   -0.8756
  QMMM:    23       23      C        3.1319    0.8386    0.1327
  QMMM:    24       24      H        3.1679    0.1297   -0.7362
  QMMM:    25       25      H        3.1185    0.2164    1.0662
  QMMM:    26       26      C        4.3664    1.7144    0.1244
  QMMM:    27       27      H        4.3302    2.4237    0.9929
  QMMM:    28       28      H        4.3802    2.3362   -0.8094
  QMMM:    29       29      C        5.6298    0.8842    0.1998
  QMMM:    30       30      H        5.6662    0.1750   -0.6689
  QMMM:    31       31      H        5.6159    0.2622    1.1335
  QMMM:    32       32      C        6.8643    1.7599    0.1919
  QMMM:    33       33      H        6.8277    2.4695    1.0602
  QMMM:    34       34      H        6.8786    2.3815   -0.7421
  QMMM:    35       35      C        8.1277    0.9297    0.2681
  QMMM:    36       36      H        8.1643    0.2202   -0.6003
  QMMM:    37       37      H        8.1134    0.3081    1.2020
  QMMM:    38       38      C        9.3622    1.8053    0.2603
  QMMM:    39       39      C       10.6266    0.9761    0.3370
  QMMM:    40       40      H        9.3258    2.5151    1.1284
  QMMM:    41       41      H        9.3771    2.4267   -0.6737
  QMMM:    42       42      C       11.8585    1.8438    0.3295
  QMMM:    43       43      H       10.6606    0.2659   -0.5312
  QMMM:    44       44      H       10.6092    0.3542    1.2709
  QMMM:    45       45      H       11.9062    2.4530   -0.6054
  QMMM:    46       46      H       12.7782    1.2131    0.3868
  QMMM:    47       47      H       11.8546    2.5417    1.2015

           --------- Calculation Completed ----------

