            --------------------------------------------------------
                             AMBER SQM VERSION 17
 
                                     By
              Ross C. Walker, Michael F. Crowley, Scott Brozell,
                         Tim Giese, Andreas W. Goetz,
                        Tai-Sung Lee and David A. Case
 
            --------------------------------------------------------
 

--------------------------------------------------------------------------------
  QM CALCULATION INFO
--------------------------------------------------------------------------------

| QMMM: Citation for AMBER QMMM Run:
| QMMM: R.C. Walker, M.F. Crowley and D.A. Case, J. COMP. CHEM. 29:1019, 2008

QMMM: SINGLET STATE CALCULATION
QMMM: RHF CALCULATION, NO. OF DOUBLY OCCUPIED LEVELS = 13

| QMMM: *** Selected Hamiltonian *** 
| QMMM: AM1         

| QMMM: *** Parameter sets in use ***
| QMMM: C : M.J.S.DEWAR et al. JACS, 107, 3902, (1985)
| QMMM: H : M.J.S.DEWAR et al. JACS, 107, 3902, (1985)
| QMMM: O : M.J.S.DEWAR et al. JACS, 107, 3902, (1985)

| QMMM: *** SCF convergence criteria ***
| QMMM: Energy change                :  0.1D-09 kcal/mol
| QMMM: Error matrix |FP-PF|         :  0.1D+00 au
| QMMM: Density matrix change        :  0.5D-06
| QMMM: Maximum number of SCF cycles :     1000

| QMMM: *** Diagonalization Routine Information ***
| QMMM: Pseudo diagonalizations are allowed.
| QMMM: Auto diagonalization routine selection is in use.
| QMMM:
| QMMM: Timing diagonalization routines:
| QMMM:                              norbs =       24
| QMMM:    diag iterations used for timing =       20
| QMMM:
| QMMM:              Internal diag routine = 0.002519 seconds
| QMMM:                 Dspev diag routine = 0.004413 seconds
| QMMM:                Dspevd diag routine = 0.004471 seconds
| QMMM:                Dspevx diag routine = 0.013385 seconds
| QMMM:                 Dsyev diag routine = 0.004363 seconds
| QMMM:                Dsyevd diag routine = 0.004485 seconds
| QMMM:                Dsyevr diag routine = 0.004083 seconds
| QMMM:
| QMMM:                Pseudo diag routine = 0.000743 seconds
| QMMM:
| QMMM: Using internal diagonalization routine (diag_routine=1).

  QMMM: QM Region Cartesian Coordinates (*=link atom) 
  QMMM: QM_NO.   MM_NO.  ATOM         X         Y         Z
  QMMM:     1        1      C      -11.5330   -3.3160   -1.0940
  QMMM:     2        2      H      -12.2440   -4.1490   -1.1070
  QMMM:     3        3      H      -10.5330   -3.7590   -1.0160
  QMMM:     4        4      H      -11.6070   -2.7800   -2.0450
  QMMM:     5        5      C      -11.8140   -2.3950    0.0840
  QMMM:     6        6      H      -12.8340   -2.0020    0.0170
  QMMM:     7        7      C      -10.8270   -1.2400    0.1380
  QMMM:     8        8      H       -9.8000   -1.6050    0.2540
  QMMM:     9        9      H      -10.8810   -0.6270   -0.7660
  QMMM:    10       10      H      -11.0320   -0.6030    1.0050
  QMMM:    11       11      O      -11.7040   -3.1340    1.2960
  QMMM:    12       12      H      -12.3530   -3.8560    1.2590

--------------------------------------------------------------------------------
  RESULTS
--------------------------------------------------------------------------------

      iter         sqm energy              rms gradient
      ----    -------------------    -----------------------
xmin    10      -68.1195 kcal/mol        0.0776 kcal/(mol*A)
xmin    20      -68.1229 kcal/mol        0.0213 kcal/(mol*A)
xmin    30      -68.1231 kcal/mol        0.0030 kcal/(mol*A)
  ... geometry converged !
 
 Final MO eigenvalues (eV):
 -38.6026  -32.6306  -28.0377  -21.9383  -18.1136  -15.9596  -15.5780  -13.5512
 -13.1237  -13.0380  -12.6052  -11.9517  -10.8942    3.4929    3.7735    3.9701
   4.0989    4.4404    4.6408    4.7408    4.9209    5.0298    5.0850    6.3513


 Heat of formation   =        -68.12308678 kcal/mol  (       -2.95403871 eV)

 Total SCF energy    =     -18807.64221818 kcal/mol  (     -815.56056625 eV)
 Electronic energy   =     -61535.32268859 kcal/mol  (    -2668.37182640 eV)
 Core-core repulsion =      42727.68047041 kcal/mol  (     1852.81126015 eV)
 
    Atomic Charges for Step       1 :
  Atom    Element       Mulliken Charge
     1      C                 -0.250
     2      H                  0.072
     3      H                  0.088
     4      H                  0.084
     5      C                  0.028
     6      H                  0.068
     7      C                 -0.209
     8      H                  0.086
     9      H                  0.077
    10      H                  0.089
    11      O                 -0.329
    12      H                  0.196
 Total Mulliken Charge =      -0.000
 
                  X        Y        Z     TOTAL  
  QM DIPOLE    -0.695   -0.262   -1.435    1.615
 
 Final Structure

  QMMM: QM Region Cartesian Coordinates (*=link atom) 
  QMMM: QM_NO.   MM_NO.  ATOM         X         Y         Z
  QMMM:     1        1      C      -11.5432   -3.3186   -1.0884
  QMMM:     2        2      H      -12.3068   -4.1317   -1.1321
  QMMM:     3        3      H      -10.5346   -3.7853   -0.9837
  QMMM:     4        4      H      -11.5770   -2.7430   -2.0432
  QMMM:     5        5      C      -11.8192   -2.3954    0.0842
  QMMM:     6        6      H      -12.8661   -1.9826   -0.0015
  QMMM:     7        7      C      -10.8221   -1.2524    0.1403
  QMMM:     8        8      H       -9.7818   -1.6495    0.2110
  QMMM:     9        9      H      -10.9164   -0.6299   -0.7800
  QMMM:    10       10      H      -11.0196   -0.6186    1.0373
  QMMM:    11       11      O      -11.7061   -3.0897    1.3229
  QMMM:    12       12      H      -12.2691   -3.8694    1.2582

           --------- Calculation Completed ----------

