            --------------------------------------------------------
                             AMBER SQM VERSION 17
 
                                     By
              Ross C. Walker, Michael F. Crowley, Scott Brozell,
                         Tim Giese, Andreas W. Goetz,
                        Tai-Sung Lee and David A. Case
 
            --------------------------------------------------------
 

--------------------------------------------------------------------------------
  QM CALCULATION INFO
--------------------------------------------------------------------------------

| QMMM: Citation for AMBER QMMM Run:
| QMMM: R.C. Walker, M.F. Crowley and D.A. Case, J. COMP. CHEM. 29:1019, 2008

QMMM: SINGLET STATE CALCULATION
QMMM: RHF CALCULATION, NO. OF DOUBLY OCCUPIED LEVELS = 10

| QMMM: *** Selected Hamiltonian *** 
| QMMM: AM1         

| QMMM: *** Parameter sets in use ***
| QMMM: C : M.J.S.DEWAR et al. JACS, 107, 3902, (1985)
| QMMM: H : M.J.S.DEWAR et al. JACS, 107, 3902, (1985)
| QMMM: O : M.J.S.DEWAR et al. JACS, 107, 3902, (1985)

| QMMM: *** SCF convergence criteria ***
| QMMM: Energy change                :  0.1D-09 kcal/mol
| QMMM: Error matrix |FP-PF|         :  0.1D+00 au
| QMMM: Density matrix change        :  0.5D-06
| QMMM: Maximum number of SCF cycles :     1000

| QMMM: *** Diagonalization Routine Information ***
| QMMM: Pseudo diagonalizations are allowed.
| QMMM: Auto diagonalization routine selection is in use.
| QMMM:
| QMMM: Timing diagonalization routines:
| QMMM:                              norbs =       18
| QMMM:    diag iterations used for timing =       20
| QMMM:
| QMMM:              Internal diag routine = 0.001375 seconds
| QMMM:                 Dspev diag routine = 0.002543 seconds
| QMMM:                Dspevd diag routine = 0.002490 seconds
| QMMM:                Dspevx diag routine = 0.007550 seconds
| QMMM:                 Dsyev diag routine = 0.002526 seconds
| QMMM:                Dsyevd diag routine = 0.002517 seconds
| QMMM:                Dsyevr diag routine = 0.002537 seconds
| QMMM:
| QMMM:                Pseudo diag routine = 0.000366 seconds
| QMMM:
| QMMM: Using internal diagonalization routine (diag_routine=1).

  QMMM: QM Region Cartesian Coordinates (*=link atom) 
  QMMM: QM_NO.   MM_NO.  ATOM         X         Y         Z
  QMMM:     1        1      C      -11.2520   -3.2130   -0.7320
  QMMM:     2        2      H      -11.7290   -4.1480   -0.4240
  QMMM:     3        3      H      -10.2200   -3.4250   -1.0330
  QMMM:     4        4      H      -11.7690   -2.8290   -1.6170
  QMMM:     5        5      C      -11.2820   -2.1970    0.3900
  QMMM:     6        6      H      -10.7570   -2.5810    1.2690
  QMMM:     7        7      H      -12.3110   -1.9610    0.6790
  QMMM:     8        8      O      -10.6380   -1.0000   -0.0220
  QMMM:     9        9      H      -11.1180   -0.6610   -0.7980

--------------------------------------------------------------------------------
  RESULTS
--------------------------------------------------------------------------------

      iter         sqm energy              rms gradient
      ----    -------------------    -----------------------
xmin    10      -64.2773 kcal/mol        0.0507 kcal/(mol*A)
xmin    20      -64.2781 kcal/mol        0.0059 kcal/(mol*A)
xmin    30      -64.2782 kcal/mol        0.0013 kcal/(mol*A)
  ... geometry converged !
 
 Final MO eigenvalues (eV):
 -38.2123  -31.3299  -23.6848  -17.9566  -15.9963  -15.4473  -13.6125  -12.9445
 -12.0053  -11.0486    3.6516    3.7654    4.1299    4.1779    4.5936    4.7572
   4.8924    6.3188

 Heat of formation   =        -64.27819240 kcal/mol  (       -2.78731158 eV)

 Total SCF energy    =     -15216.94429227 kcal/mol  (     -659.85622012 eV)
 Electronic energy   =     -41285.56956186 kcal/mol  (    -1790.27663856 eV)
 Core-core repulsion =      26068.62526959 kcal/mol  (     1130.42041844 eV)
 
    Atomic Charges for Step       1 :
  Atom    Element       Mulliken Charge
     1      C                 -0.254
     2      H                  0.084
     3      H                  0.088
     4      H                  0.073
     5      C                 -0.024
     6      H                  0.104
     7      H                  0.061
     8      O                 -0.327
     9      H                  0.195
 Total Mulliken Charge =      -0.000
 
                  X        Y        Z     TOTAL  
  QM DIPOLE    -1.175   -0.937   -0.761    1.685
 
 Final Structure

  QMMM: QM Region Cartesian Coordinates (*=link atom) 
  QMMM: QM_NO.   MM_NO.  ATOM         X         Y         Z
  QMMM:     1        1      C      -11.2615   -3.2122   -0.7421
  QMMM:     2        2      H      -11.7137   -4.1711   -0.3946
  QMMM:     3        3      H      -10.2096   -3.4047   -1.0629
  QMMM:     4        4      H      -11.8363   -2.8458   -1.6265
  QMMM:     5        5      C      -11.2925   -2.1922    0.3727
  QMMM:     6        6      H      -10.7278   -2.5597    1.2721
  QMMM:     7        7      H      -12.3529   -1.9704    0.6717
  QMMM:     8        8      O      -10.6355   -0.9900    0.0164
  QMMM:     9        9      H      -11.0460   -0.6689   -0.7949

           --------- Calculation Completed ----------

