            --------------------------------------------------------
                             AMBER SQM VERSION 17
 
                                     By
              Ross C. Walker, Michael F. Crowley, Scott Brozell,
                         Tim Giese, Andreas W. Goetz,
                        Tai-Sung Lee and David A. Case
 
            --------------------------------------------------------
 

--------------------------------------------------------------------------------
  QM CALCULATION INFO
--------------------------------------------------------------------------------

| QMMM: Citation for AMBER QMMM Run:
| QMMM: R.C. Walker, M.F. Crowley and D.A. Case, J. COMP. CHEM. 29:1019, 2008

QMMM: SINGLET STATE CALCULATION
QMMM: RHF CALCULATION, NO. OF DOUBLY OCCUPIED LEVELS = 25

| QMMM: *** Selected Hamiltonian *** 
| QMMM: AM1         

| QMMM: *** Parameter sets in use ***
| QMMM: C : M.J.S.DEWAR et al. JACS, 107, 3902, (1985)
| QMMM: H : M.J.S.DEWAR et al. JACS, 107, 3902, (1985)

| QMMM: *** SCF convergence criteria ***
| QMMM: Energy change                :  0.1D-09 kcal/mol
| QMMM: Error matrix |FP-PF|         :  0.1D+00 au
| QMMM: Density matrix change        :  0.5D-06
| QMMM: Maximum number of SCF cycles :     1000

| QMMM: *** Diagonalization Routine Information ***
| QMMM: Pseudo diagonalizations are allowed.
| QMMM: Auto diagonalization routine selection is in use.
| QMMM:
| QMMM: Timing diagonalization routines:
| QMMM:                              norbs =       50
| QMMM:    diag iterations used for timing =       20
| QMMM:
| QMMM:              Internal diag routine = 0.012815 seconds
| QMMM:                 Dspev diag routine = 0.021599 seconds
| QMMM:                Dspevd diag routine = 0.019157 seconds
| QMMM:                Dspevx diag routine = 0.061228 seconds
| QMMM:                 Dsyev diag routine = 0.022872 seconds
| QMMM:                Dsyevd diag routine = 0.021372 seconds
| QMMM:                Dsyevr diag routine = 0.017861 seconds
| QMMM:
| QMMM:                Pseudo diag routine = 0.005018 seconds
| QMMM:
| QMMM: Using internal diagonalization routine (diag_routine=1).

  QMMM: QM Region Cartesian Coordinates (*=link atom) 
  QMMM: QM_NO.   MM_NO.  ATOM         X         Y         Z
  QMMM:     1        1      C       -5.6740    1.6290    0.0130
  QMMM:     2        2      H       -5.6950    2.2900    0.8860
  QMMM:     3        3      H       -6.5690    0.9990    0.0430
  QMMM:     4        4      H       -5.7240    2.2480   -0.8880
  QMMM:     5        5      C       -4.4220    0.7670    0.0140
  QMMM:     6        6      H       -4.4470    0.0960   -0.8530
  QMMM:     7        7      H       -4.4210    0.1370    0.9110
  QMMM:     8        8      C       -3.1540    1.6190   -0.0240
  QMMM:     9        9      H       -3.1380    2.2930    0.8410
  QMMM:    10       10      H       -3.1590    2.2470   -0.9230
  QMMM:    11       11      C       -1.8990    0.7450   -0.0160
  QMMM:    12       12      H       -1.9100    0.0760   -0.8850
  QMMM:    13       13      H       -1.9000    0.1110    0.8790
  QMMM:    14       14      C       -0.6260    1.5930   -0.0390
  QMMM:    15       15      H       -0.6240    2.2750    0.8200
  QMMM:    16       16      H       -0.6140    2.2130   -0.9440
  QMMM:    17       17      C        0.6260    0.7160    0.0010
  QMMM:    18       18      H        0.6290    0.0380   -0.8620
  QMMM:    19       19      H        0.6060    0.0900    0.9020
  QMMM:    20       20      C        1.9000    1.5600   -0.0080
  QMMM:    21       21      C        3.1440    0.6900    0.0720
  QMMM:    22       22      H        1.8930    2.2550    0.8400
  QMMM:    23       23      H        1.9400    2.1640   -0.9220
  QMMM:    24       24      H        3.1510    0.1000    0.9940
  QMMM:    25       25      H        4.0440    1.3140    0.0620
  QMMM:    26       26      H        3.1970    0.0020   -0.7780

--------------------------------------------------------------------------------
  RESULTS
--------------------------------------------------------------------------------

      iter         sqm energy              rms gradient
      ----    -------------------    -----------------------
xmin    10      -58.6576 kcal/mol        0.0194 kcal/(mol*A)
xmin    20      -58.6618 kcal/mol        0.0713 kcal/(mol*A)
xmin    30      -58.6624 kcal/mol        0.0059 kcal/(mol*A)
xmin    40      -58.6625 kcal/mol        0.0011 kcal/(mol*A)
xmin    50      -58.6625 kcal/mol        0.0010 kcal/(mol*A)
  ... geometry converged !
 
 Final MO eigenvalues (eV):
 -37.6701  -35.6689  -32.6146  -28.9147  -25.1549  -22.2516  -21.5898  -21.2209
 -16.8533  -15.8868  -15.2259  -14.6795  -14.5783  -14.2573  -13.4388  -13.2525
 -12.6057  -12.4212  -12.1805  -11.8214  -11.6713  -11.4920  -11.2319  -11.1613
 -11.0666    3.6380    3.7007    3.8727    4.0858    4.1260    4.2274    4.4149
   4.4236    4.4808    4.6644    4.7055    4.7237    4.7641    4.8649    4.9944
   5.0225    5.0323    5.0934    5.1766    5.2170    5.2393    5.2902    5.3273
   5.3673    5.4042

 Heat of formation   =        -58.66248523 kcal/mol  (       -2.54379625 eV)

 Total SCF energy    =     -29383.31674355 kcal/mol  (    -1274.15622668 eV)
 Electronic energy   =    -150136.21914894 kcal/mol  (    -6510.39500234 eV)
 Core-core repulsion =     120752.90240539 kcal/mol  (     5236.23877566 eV)
 
    Atomic Charges for Step       1 :
  Atom    Element       Mulliken Charge
     1      C                 -0.210
     2      H                  0.072
     3      H                  0.072
     4      H                  0.072
     5      C                 -0.159
     6      H                  0.078
     7      H                  0.078
     8      C                 -0.158
     9      H                  0.079
    10      H                  0.079
    11      C                 -0.158
    12      H                  0.079
    13      H                  0.079
    14      C                 -0.158
    15      H                  0.079
    16      H                  0.079
    17      C                 -0.158
    18      H                  0.079
    19      H                  0.079
    20      C                 -0.159
    21      C                 -0.210
    22      H                  0.078
    23      H                  0.078
    24      H                  0.072
    25      H                  0.072
    26      H                  0.072
 Total Mulliken Charge =      -0.000
 
                  X        Y        Z     TOTAL  
  QM DIPOLE    -0.000   -0.000    0.000    0.000
 
 Final Structure

  QMMM: QM Region Cartesian Coordinates (*=link atom) 
  QMMM: QM_NO.   MM_NO.  ATOM         X         Y         Z
  QMMM:     1        1      C       -5.6307    1.6288   -0.0196
  QMMM:     2        2      H       -5.6588    2.3111    0.8643
  QMMM:     3        3      H       -6.5467    0.9904   -0.0016
  QMMM:     4        4      H       -5.6548    2.2543   -0.9446
  QMMM:     5        5      C       -4.3927    0.7703    0.0101
  QMMM:     6        6      H       -4.3947    0.0754   -0.8710
  QMMM:     7        7      H       -4.3987    0.1321    0.9331
  QMMM:     8        8      C       -3.1332    1.6101   -0.0134
  QMMM:     9        9      H       -3.1289    2.3049    0.8675
  QMMM:    10       10      H       -3.1245    2.2476   -0.9366
  QMMM:    11       11      C       -1.8925    0.7438    0.0172
  QMMM:    12       12      H       -1.8975    0.0485   -0.8634
  QMMM:    13       13      H       -1.9012    0.1068    0.9408
  QMMM:    14       14      C       -0.6341    1.5845   -0.0074
  QMMM:    15       15      H       -0.6295    2.2804    0.8726
  QMMM:    16       16      H       -0.6250    2.2207   -0.9315
  QMMM:    17       17      C        0.6066    0.7182    0.0243
  QMMM:    18       18      H        0.6020    0.0218   -0.8553
  QMMM:    19       19      H        0.5981    0.0824    0.9487
  QMMM:    20       20      C        1.8661    1.5578   -0.0012
  QMMM:    21       21      C        3.1040    0.6994    0.0313
  QMMM:    22       22      H        1.8678    2.2552    0.8780
  QMMM:    23       23      H        1.8724    2.1935   -0.9259
  QMMM:    24       24      H        3.1280    0.0767    0.9582
  QMMM:    25       25      H        4.0201    1.3378    0.0116
  QMMM:    26       26      H        3.1324    0.0145   -0.8505

           --------- Calculation Completed ----------

