            --------------------------------------------------------
                             AMBER SQM VERSION 17
 
                                     By
              Ross C. Walker, Michael F. Crowley, Scott Brozell,
                         Tim Giese, Andreas W. Goetz,
                        Tai-Sung Lee and David A. Case
 
            --------------------------------------------------------
 

--------------------------------------------------------------------------------
  QM CALCULATION INFO
--------------------------------------------------------------------------------

| QMMM: Citation for AMBER QMMM Run:
| QMMM: R.C. Walker, M.F. Crowley and D.A. Case, J. COMP. CHEM. 29:1019, 2008

QMMM: SINGLET STATE CALCULATION
QMMM: RHF CALCULATION, NO. OF DOUBLY OCCUPIED LEVELS = 37

| QMMM: *** Selected Hamiltonian *** 
| QMMM: AM1         

| QMMM: *** Parameter sets in use ***
| QMMM: C : M.J.S.DEWAR et al. JACS, 107, 3902, (1985)
| QMMM: H : M.J.S.DEWAR et al. JACS, 107, 3902, (1985)

| QMMM: *** SCF convergence criteria ***
| QMMM: Energy change                :  0.1D-09 kcal/mol
| QMMM: Error matrix |FP-PF|         :  0.1D+00 au
| QMMM: Density matrix change        :  0.5D-06
| QMMM: Maximum number of SCF cycles :     1000

| QMMM: *** Diagonalization Routine Information ***
| QMMM: Pseudo diagonalizations are allowed.
| QMMM: Auto diagonalization routine selection is in use.
| QMMM:
| QMMM: Timing diagonalization routines:
| QMMM:                              norbs =       74
| QMMM:    diag iterations used for timing =       15
| QMMM:
| QMMM:              Internal diag routine = 0.024678 seconds
| QMMM:                 Dspev diag routine = 0.038846 seconds
| QMMM:                Dspevd diag routine = 0.031239 seconds
| QMMM:                Dspevx diag routine = 0.108632 seconds
| QMMM:                 Dsyev diag routine = 0.041474 seconds
| QMMM:                Dsyevd diag routine = 0.034807 seconds
| QMMM:                Dsyevr diag routine = 0.030512 seconds
| QMMM:
| QMMM:                Pseudo diag routine = 0.011107 seconds
| QMMM:
| QMMM: Using internal diagonalization routine (diag_routine=1).

  QMMM: QM Region Cartesian Coordinates (*=link atom) 
  QMMM: QM_NO.   MM_NO.  ATOM         X         Y         Z
  QMMM:     1        1      C       -5.7300    1.6180   -0.0040
  QMMM:     2        2      H       -5.7610    2.2820    0.8660
  QMMM:     3        3      H       -6.6220    0.9840    0.0200
  QMMM:     4        4      H       -5.7750    2.2340   -0.9080
  QMMM:     5        5      C       -4.4740    0.7610    0.0090
  QMMM:     6        6      H       -4.4890    0.0870   -0.8550
  QMMM:     7        7      H       -4.4750    0.1360    0.9090
  QMMM:     8        8      C       -3.2100    1.6210   -0.0260
  QMMM:     9        9      H       -3.2050    2.3010    0.8340
  QMMM:    10       10      H       -3.2130    2.2420   -0.9300
  QMMM:    11       11      C       -1.9480    0.7570   -0.0030
  QMMM:    12       12      H       -1.9520    0.0760   -0.8630
  QMMM:    13       13      H       -1.9460    0.1350    0.9010
  QMMM:    14       14      C       -0.6850    1.6180   -0.0350
  QMMM:    15       15      H       -0.6880    2.3070    0.8180
  QMMM:    16       16      H       -0.6810    2.2310   -0.9450
  QMMM:    17       17      C        0.5790    0.7570    0.0090
  QMMM:    18       18      H        0.5850    0.0680   -0.8450
  QMMM:    19       19      H        0.5730    0.1440    0.9180
  QMMM:    20       20      C        1.8410    1.6200   -0.0200
  QMMM:    21       21      H        1.8270    2.3200    0.8250
  QMMM:    22       22      H        1.8540    2.2210   -0.9370
  QMMM:    23       23      C        3.1040    0.7610    0.0500
  QMMM:    24       24      H        3.1210    0.0620   -0.7950
  QMMM:    25       25      H        3.0890    0.1600    0.9670
  QMMM:    26       26      C        4.3670    1.6250    0.0250
  QMMM:    27       27      H        4.3430    2.3350    0.8610
  QMMM:    28       28      H        4.3900    2.2150   -0.9000
  QMMM:    29       29      C        5.6300    0.7670    0.1180
  QMMM:    30       30      H        5.6550    0.0570   -0.7170
  QMMM:    31       31      H        5.6050    0.1780    1.0430
  QMMM:    32       32      C        6.8910    1.6300    0.0960
  QMMM:    33       33      H        6.8680    2.3460    0.9260
  QMMM:    34       34      H        6.9280    2.2120   -0.8330
  QMMM:    35       35      C        8.1480    0.7820    0.2040
  QMMM:    36       36      H        8.1570    0.2120    1.1390
  QMMM:    37       37      H        9.0380    1.4190    0.1860
  QMMM:    38       38      H        8.2180    0.0760   -0.6300

--------------------------------------------------------------------------------
  RESULTS
--------------------------------------------------------------------------------

      iter         sqm energy              rms gradient
      ----    -------------------    -----------------------
xmin    10      -86.1194 kcal/mol        0.0364 kcal/(mol*A)
xmin    20      -86.1211 kcal/mol        0.0293 kcal/(mol*A)
xmin    30      -86.1218 kcal/mol        0.0078 kcal/(mol*A)
xmin    40      -86.1220 kcal/mol        0.0014 kcal/(mol*A)
xmin    50      -86.1220 kcal/mol        0.0008 kcal/(mol*A)
  ... geometry converged !
 
 Final MO eigenvalues (eV):
 -38.0291  -37.0207  -35.4140  -33.3057  -30.8299  -28.1570  -25.5015  -23.1638
 -21.8033  -21.6768  -21.2848  -21.0921  -17.0371  -16.5279  -15.7643  -15.2167
 -15.0817  -14.8481  -14.4489  -14.3835  -13.8939  -13.5346  -13.2270  -13.0069
 -12.7214  -12.3451  -12.2668  -11.9158  -11.8776  -11.7155  -11.6530  -11.6355
 -11.3556  -11.1592  -11.0789  -11.0633  -11.0598    3.5361    3.6654    3.7543
   3.8398    3.8902    4.0627    4.1526    4.2265    4.2586    4.2839    4.4451
   4.4619    4.4652    4.6256    4.6465    4.6704    4.6785    4.7258    4.8430
   4.8564    4.8651    4.8938    5.0338    5.0427    5.0530    5.0728    5.1707
   5.1718    5.1957    5.2540    5.2774    5.2872    5.3152    5.3252    5.3759
   5.3899    5.4134

 Heat of formation   =        -86.12200271 kcal/mol  (       -3.73453028 eV)

 Total SCF energy    =     -43758.18838714 kcal/mol  (    -1897.49743667 eV)
 Electronic energy   =    -262467.49464895 kcal/mol  (   -11381.44463158 eV)
 Core-core repulsion =     218709.30626182 kcal/mol  (     9483.94719491 eV)
 
    Atomic Charges for Step       1 :
  Atom    Element       Mulliken Charge
     1      C                 -0.210
     2      H                  0.072
     3      H                  0.072
     4      H                  0.072
     5      C                 -0.159
     6      H                  0.078
     7      H                  0.078
     8      C                 -0.158
     9      H                  0.079
    10      H                  0.079
    11      C                 -0.158
    12      H                  0.079
    13      H                  0.079
    14      C                 -0.158
    15      H                  0.079
    16      H                  0.079
    17      C                 -0.158
    18      H                  0.079
    19      H                  0.079
    20      C                 -0.158
    21      H                  0.079
    22      H                  0.079
    23      C                 -0.158
    24      H                  0.079
    25      H                  0.079
    26      C                 -0.158
    27      H                  0.079
    28      H                  0.079
    29      C                 -0.158
    30      H                  0.079
    31      H                  0.079
    32      C                 -0.159
    33      H                  0.078
    34      H                  0.078
    35      C                 -0.210
    36      H                  0.072
    37      H                  0.072
    38      H                  0.072
 Total Mulliken Charge =      -0.000
 
                  X        Y        Z     TOTAL  
  QM DIPOLE    -0.000    0.000    0.000    0.000
 
 Final Structure

  QMMM: QM Region Cartesian Coordinates (*=link atom) 
  QMMM: QM_NO.   MM_NO.  ATOM         X         Y         Z
  QMMM:     1        1      C       -5.6615    1.6064   -0.0608
  QMMM:     2        2      H       -5.7048    2.3029    0.8113
  QMMM:     3        3      H       -6.5705    0.9581   -0.0399
  QMMM:     4        4      H       -5.6845    2.2161   -0.9964
  QMMM:     5        5      C       -4.4144    0.7624   -0.0063
  QMMM:     6        6      H       -4.4011    0.0529   -0.8756
  QMMM:     7        7      H       -4.4213    0.1396    0.9272
  QMMM:     8        8      C       -3.1641    1.6157   -0.0333
  QMMM:     9        9      H       -3.1751    2.3251    0.8358
  QMMM:    10       10      H       -3.1545    2.2377   -0.9670
  QMMM:    11       11      C       -1.9143    0.7639    0.0223
  QMMM:    12       12      H       -1.9036    0.0544   -0.8468
  QMMM:    13       13      H       -1.9242    0.1420    0.9561
  QMMM:    14       14      C       -0.6651    1.6182   -0.0050
  QMMM:    15       15      H       -0.6760    2.3283    0.8637
  QMMM:    16       16      H       -0.6547    2.2395   -0.9392
  QMMM:    17       17      C        0.5848    0.7664    0.0518
  QMMM:    18       18      H        0.5956    0.0561   -0.8166
  QMMM:    19       19      H        0.5746    0.1454    0.9862
  QMMM:    20       20      C        1.8340    1.6207    0.0241
  QMMM:    21       21      H        1.8228    2.3315    0.8921
  QMMM:    22       22      H        1.8446    2.2412   -0.9106
  QMMM:    23       23      C        3.0839    0.7689    0.0819
  QMMM:    24       24      H        3.0948    0.0578   -0.7859
  QMMM:    25       25      H        3.0734    0.1487    1.0168
  QMMM:    26       26      C        4.3331    1.6231    0.0537
  QMMM:    27       27      H        4.3218    2.3345    0.9212
  QMMM:    28       28      H        4.3437    2.2430   -0.8814
  QMMM:    29       29      C        5.5829    0.7715    0.1121
  QMMM:    30       30      H        5.5943    0.0599   -0.7552
  QMMM:    31       31      H        5.5728    0.1520    1.0474
  QMMM:    32       32      C        6.8332    1.6248    0.0834
  QMMM:    33       33      H        6.8191    2.3370    0.9505
  QMMM:    34       34      H        6.8408    2.2447   -0.8520
  QMMM:    35       35      C        8.0802    0.7811    0.1417
  QMMM:    36       36      H        8.1027    0.1745    1.0792
  QMMM:    37       37      H        8.9892    1.4293    0.1192
  QMMM:    38       38      H        8.1242    0.0817   -0.7280

           --------- Calculation Completed ----------

