            --------------------------------------------------------
                             AMBER SQM VERSION 17
 
                                     By
              Ross C. Walker, Michael F. Crowley, Scott Brozell,
                         Tim Giese, Andreas W. Goetz,
                        Tai-Sung Lee and David A. Case
 
            --------------------------------------------------------
 

--------------------------------------------------------------------------------
  QM CALCULATION INFO
--------------------------------------------------------------------------------

| QMMM: Citation for AMBER QMMM Run:
| QMMM: R.C. Walker, M.F. Crowley and D.A. Case, J. COMP. CHEM. 29:1019, 2008

QMMM: SINGLET STATE CALCULATION
QMMM: RHF CALCULATION, NO. OF DOUBLY OCCUPIED LEVELS = 22

| QMMM: *** Selected Hamiltonian *** 
| QMMM: AM1         

| QMMM: *** Parameter sets in use ***
| QMMM: C : M.J.S.DEWAR et al. JACS, 107, 3902, (1985)
| QMMM: H : M.J.S.DEWAR et al. JACS, 107, 3902, (1985)

| QMMM: *** SCF convergence criteria ***
| QMMM: Energy change                :  0.1D-09 kcal/mol
| QMMM: Error matrix |FP-PF|         :  0.1D+00 au
| QMMM: Density matrix change        :  0.5D-06
| QMMM: Maximum number of SCF cycles :     1000

| QMMM: *** Diagonalization Routine Information ***
| QMMM: Pseudo diagonalizations are allowed.
| QMMM: Auto diagonalization routine selection is in use.
| QMMM:
| QMMM: Timing diagonalization routines:
| QMMM:                              norbs =       44
| QMMM:    diag iterations used for timing =       20
| QMMM:
| QMMM:              Internal diag routine = 0.009635 seconds
| QMMM:                 Dspev diag routine = 0.016043 seconds
| QMMM:                Dspevd diag routine = 0.014490 seconds
| QMMM:                Dspevx diag routine = 0.046403 seconds
| QMMM:                 Dsyev diag routine = 0.017212 seconds
| QMMM:                Dsyevd diag routine = 0.016334 seconds
| QMMM:                Dsyevr diag routine = 0.013912 seconds
| QMMM:
| QMMM:                Pseudo diag routine = 0.003616 seconds
| QMMM:
| QMMM: Using internal diagonalization routine (diag_routine=1).

  QMMM: QM Region Cartesian Coordinates (*=link atom) 
  QMMM: QM_NO.   MM_NO.  ATOM         X         Y         Z
  QMMM:     1        1      C       -5.6470    1.6150    0.0200
  QMMM:     2        2      H       -5.6690    2.2830    0.8870
  QMMM:     3        3      H       -6.5420    0.9850    0.0530
  QMMM:     4        4      H       -5.6960    2.2270   -0.8860
  QMMM:     5        5      C       -4.3950    0.7520    0.0280
  QMMM:     6        6      H       -4.4170    0.0780   -0.8350
  QMMM:     7        7      H       -4.3940    0.1280    0.9290
  QMMM:     8        8      C       -3.1290    1.6080   -0.0120
  QMMM:     9        9      H       -3.1130    2.2790    0.8550
  QMMM:    10       10      H       -3.1400    2.2390   -0.9090
  QMMM:    11       11      C       -1.8680    0.7420   -0.0130
  QMMM:    12       12      H       -1.8780    0.0790   -0.8860
  QMMM:    13       13      H       -1.8590    0.1030    0.8790
  QMMM:    14       14      C       -0.6060    1.6050   -0.0360
  QMMM:    15       15      H       -0.5940    2.2610    0.8430
  QMMM:    16       16      H       -0.6200    2.2530   -0.9220
  QMMM:    17       17      C        0.6590    0.7480   -0.0520
  QMMM:    18       18      H        0.6610    0.1030   -0.9390
  QMMM:    19       19      H        0.6770    0.0920    0.8260
  QMMM:    20       20      C        1.9130    1.6080   -0.0580
  QMMM:    21       21      H        1.9380    2.2590   -0.9370
  QMMM:    22       22      H        2.8060    0.9770   -0.0760
  QMMM:    23       23      H        1.9600    2.2380    0.8370

--------------------------------------------------------------------------------
  RESULTS
--------------------------------------------------------------------------------

      iter         sqm energy              rms gradient
      ----    -------------------    -----------------------
xmin    10      -51.7965 kcal/mol        0.0241 kcal/(mol*A)
xmin    20      -51.7973 kcal/mol        0.0233 kcal/(mol*A)
xmin    30      -51.7975 kcal/mol        0.0133 kcal/(mol*A)
xmin    40      -51.7976 kcal/mol        0.0027 kcal/(mol*A)
xmin    50      -51.7976 kcal/mol        0.0016 kcal/(mol*A)
  ... geometry converged !
 
 Final MO eigenvalues (eV):
 -37.4932  -35.0158  -31.3241  -27.0712  -23.2425  -21.5689  -21.3230  -16.7646
 -15.5929  -15.0461  -14.8881  -14.0885  -13.8265  -13.1999  -12.6960  -12.4841
 -12.0188  -11.7221  -11.6528  -11.3015  -11.2250  -11.0723    3.6812    3.7173
   3.9293    4.1477    4.2349    4.2977    4.4066    4.5789    4.6482    4.6965
   4.7262    4.8986    4.9009    4.9901    5.0776    5.1141    5.1695    5.2317
   5.2396    5.3201    5.3552    5.3977

 Heat of formation   =        -51.79759959 kcal/mol  (       -2.24611247 eV)

 Total SCF energy    =     -25789.59882638 kcal/mol  (    -1118.32092391 eV)
 Electronic energy   =    -124620.14692956 kcal/mol  (    -5403.93508215 eV)
 Core-core repulsion =      98830.54810318 kcal/mol  (     4285.61415824 eV)
 
    Atomic Charges for Step       1 :
  Atom    Element       Mulliken Charge
     1      C                 -0.210
     2      H                  0.072
     3      H                  0.072
     4      H                  0.072
     5      C                 -0.159
     6      H                  0.078
     7      H                  0.078
     8      C                 -0.158
     9      H                  0.079
    10      H                  0.079
    11      C                 -0.158
    12      H                  0.078
    13      H                  0.078
    14      C                 -0.158
    15      H                  0.079
    16      H                  0.079
    17      C                 -0.159
    18      H                  0.078
    19      H                  0.078
    20      C                 -0.210
    21      H                  0.072
    22      H                  0.072
    23      H                  0.072
 Total Mulliken Charge =      -0.000
 
                  X        Y        Z     TOTAL  
  QM DIPOLE     0.000    0.007   -0.000    0.007
 
 Final Structure

  QMMM: QM Region Cartesian Coordinates (*=link atom) 
  QMMM: QM_NO.   MM_NO.  ATOM         X         Y         Z
  QMMM:     1        1      C       -5.6142    1.6053    0.0218
  QMMM:     2        2      H       -5.6361    2.2710    0.9183
  QMMM:     3        3      H       -6.5239    0.9579    0.0410
  QMMM:     4        4      H       -5.6573    2.2472   -0.8912
  QMMM:     5        5      C       -4.3680    0.7582    0.0183
  QMMM:     6        6      H       -4.3760    0.0797   -0.8754
  QMMM:     7        7      H       -4.3551    0.1031    0.9293
  QMMM:     8        8      C       -3.1168    1.6103   -0.0072
  QMMM:     9        9      H       -3.1061    2.2881    0.8867
  QMMM:    10       10      H       -3.1275    2.2653   -0.9180
  QMMM:    11       11      C       -1.8679    0.7554   -0.0113
  QMMM:    12       12      H       -1.8787    0.0780   -0.9055
  QMMM:    13       13      H       -1.8579    0.0999    0.8993
  QMMM:    14       14      C       -0.6177    1.6083   -0.0361
  QMMM:    15       15      H       -0.6062    2.2853    0.8585
  QMMM:    16       16      H       -0.6276    2.2641   -0.9463
  QMMM:    17       17      C        0.6323    0.7542   -0.0409
  QMMM:    18       18      H        0.6185    0.0771   -0.9357
  QMMM:    19       19      H        0.6394    0.0976    0.8691
  QMMM:    20       20      C        1.8796    1.5993   -0.0650
  QMMM:    21       21      H        1.9024    2.2429   -0.9775
  QMMM:    22       22      H        2.7884    0.9505   -0.0683
  QMMM:    23       23      H        1.9235    2.2633    0.8321

           --------- Calculation Completed ----------

